[2024-07-24 12:47:31,543] CF65 | T0 → PWM0
[2024-07-24 12:47:34,566] CF65 | T10 → PWM10244
[2024-07-24 12:47:38,256] CF65 | T25.5 → PWM23098
[2024-07-24 12:47:41,286] CF65 | T0 → PWM0
[2024-07-24 14:21:53,344] CF67 CF65 | T75 → PWM53379
[2024-07-24 14:22:20,233] CF67 CF65 | T0 → PWM0
[2024-07-24 14:22:48,496] CF67 CF65 | T75 → PWM53379
[2024-07-24 14:23:15,323] CF65 CF67 | T0 → PWM0
[2024-07-24 14:37:35,172] CF65 CF67 | T75 → PWM53379
[2024-07-24 14:38:01,720] CF65 CF67 | T0 → PWM0
[2024-07-24 14:38:30,140] CF67 CF65 | T75 → PWM53379
[2024-07-24 14:38:56,698] CF67 CF65 | T0 → PWM0
[2024-07-24 15:52:30,263] CF65 CF67 | T25 → PWM22722
[2024-07-24 15:56:33,036] CF67 CF65 | T0 → PWM0
[2024-07-24 15:57:03,500] CF67 CF65 | T25 → PWM22722
[2024-07-24 16:01:06,213] CF67 CF65 | T0 → PWM0
[2024-07-24 16:01:36,599] CF65 CF67 | T25 → PWM22722
[2024-07-24 16:05:39,358] CF65 CF67 | T0 → PWM0
[2024-07-24 16:06:10,207] CF65 CF67 | T25 → PWM22722
[2024-07-24 16:07:48,907] CF65 CF67 | T0 → PWM0
[2024-07-24 16:08:17,451] CF67 CF65 | T25 → PWM22722
[2024-07-24 16:09:56,049] CF65 CF67 | T0 → PWM0
[2024-07-24 16:10:24,399] CF67 CF65 | T25 → PWM22722
[2024-07-24 16:12:03,371] CF65 CF67 | T0 → PWM0
[2024-07-24 16:12:32,174] CF67 CF65 | T25 → PWM22722
[2024-07-24 16:13:22,722] CF65 CF67 | T0 → PWM0
[2024-07-24 16:13:50,585] CF67 CF65 | T25 → PWM22722
[2024-07-24 16:14:41,154] CF65 CF67 | T0 → PWM0
[2024-07-24 16:15:08,812] CF67 CF65 | T25 → PWM22722
[2024-07-24 16:15:59,362] CF65 CF67 | T0 → PWM0
[2024-07-24 16:16:27,643] CF67 CF65 | T25 → PWM22722
[2024-07-24 16:17:02,128] CF67 CF65 | T0 → PWM0
[2024-07-24 16:17:29,669] CF67 CF65 | T25 → PWM22722
[2024-07-24 16:18:04,176] CF67 CF65 | T0 → PWM0
[2024-07-24 16:18:31,636] CF65 CF67 | T25 → PWM22722
[2024-07-24 16:19:06,126] CF65 CF67 | T0 → PWM0
[2024-07-24 16:19:34,174] CF67 CF65 | T25 → PWM22722
[2024-07-24 16:20:00,723] CF65 CF67 | T0 → PWM0
[2024-07-24 16:20:28,423] CF67 CF65 | T25 → PWM22722
[2024-07-24 16:20:54,990] CF67 CF65 | T0 → PWM0
[2024-07-24 16:21:22,530] CF65 CF67 | T25 → PWM22722
[2024-07-24 16:21:49,038] CF65 CF67 | T0 → PWM0
[2024-07-24 16:22:16,546] CF65 CF67 | T25 → PWM22722
[2024-07-24 16:26:19,230] CF67 CF65 | T0 → PWM0
[2024-07-24 16:26:49,627] CF67 CF65 | T25 → PWM22722
[2024-07-24 16:30:52,410] CF67 CF65 | T0 → PWM0
[2024-07-24 16:31:22,822] CF67 CF65 | T25 → PWM22722
[2024-07-24 16:35:25,664] CF67 CF65 | T0 → PWM0
[2024-07-24 16:35:56,619] CF67 CF65 | T25 → PWM22722
[2024-07-24 16:37:35,586] CF65 CF67 | T0 → PWM0
[2024-07-24 16:38:04,492] CF65 CF67 | T25 → PWM22722
[2024-07-24 16:39:43,139] CF65 CF67 | T0 → PWM0
[2024-07-24 16:40:12,200] CF67 CF65 | T25 → PWM22722
[2024-07-24 16:41:50,983] CF67 CF65 | T0 → PWM0
[2024-07-24 16:42:20,582] CF65 CF67 | T25 → PWM22722
[2024-07-24 16:43:11,189] CF65 CF67 | T0 → PWM0
[2024-07-24 16:43:39,501] CF67 CF65 | T25 → PWM22722
[2024-07-24 16:44:30,154] CF65 CF67 | T0 → PWM0
[2024-07-24 16:44:58,268] CF65 CF67 | T25 → PWM22722
[2024-07-24 16:45:48,905] CF67 CF65 | T0 → PWM0
[2024-07-24 16:46:17,608] CF65 CF67 | T25 → PWM22722
[2024-07-24 16:46:52,150] CF65 CF67 | T0 → PWM0
[2024-07-24 16:47:20,549] CF65 CF67 | T25 → PWM22722
[2024-07-24 16:47:55,183] CF65 CF67 | T0 → PWM0
[2024-07-24 16:48:23,043] CF67 CF65 | T25 → PWM22722
[2024-07-24 16:48:57,631] CF65 CF67 | T0 → PWM0
[2024-07-24 16:49:25,998] CF65 CF67 | T25 → PWM22722
[2024-07-24 16:49:52,806] CF67 CF65 | T0 → PWM0
[2024-07-24 16:50:20,676] CF65 CF67 | T25 → PWM22722
[2024-07-24 16:50:47,210] CF65 CF67 | T0 → PWM0
[2024-07-24 16:51:14,946] CF67 CF65 | T25 → PWM22722
[2024-07-24 16:51:41,530] CF65 CF67 | T0 → PWM0
[2024-07-24 16:52:11,174] CF67 CF65 | T55.5588 → PWM42756
[2024-07-24 16:56:14,196] CF67 CF65 | T0 → PWM0
[2024-07-24 16:56:46,345] CF65 CF67 | T55.5588 → PWM42756
[2024-07-24 17:00:49,757] CF65 CF67 | T0 → PWM0
[2024-07-24 17:01:21,859] CF67 CF65 | T55.5588 → PWM42756
[2024-07-24 17:05:24,864] CF67 CF65 | T0 → PWM0
[2024-07-24 17:05:55,774] CF67 CF65 | T55.5588 → PWM42756
[2024-07-24 17:07:34,384] CF67 CF65 | T0 → PWM0
[2024-07-24 17:08:03,587] CF67 CF65 | T55.5588 → PWM42756
[2024-07-24 17:09:42,311] CF67 CF65 | T0 → PWM0
[2024-07-24 17:10:11,412] CF67 CF65 | T55.5588 → PWM42756
[2024-07-24 17:11:50,278] CF67 CF65 | T0 → PWM0
[2024-07-24 17:12:19,902] CF67 CF65 | T55.5588 → PWM42756
[2024-07-24 17:13:10,587] CF67 CF65 | T0 → PWM0
[2024-07-24 17:13:38,875] CF65 CF67 | T55.5588 → PWM42756
[2024-07-24 17:14:29,571] CF65 CF67 | T0 → PWM0
[2024-07-24 17:14:57,681] CF67 CF65 | T55.5588 → PWM42756
[2024-07-24 17:15:48,233] CF67 CF65 | T0 → PWM0
[2024-07-24 17:16:16,860] CF65 CF67 | T55.5588 → PWM42756
[2024-07-24 17:16:51,465] CF67 CF65 | T0 → PWM0
[2024-07-24 17:17:19,600] CF65 CF67 | T55.5588 → PWM42756
[2024-07-24 17:17:54,589] CF65 CF67 | T0 → PWM0
[2024-07-24 17:18:22,388] CF65 CF67 | T55.5588 → PWM42756
[2024-07-24 17:18:56,926] CF65 CF67 | T0 → PWM0
[2024-07-24 17:19:25,260] CF67 CF65 | T55.5588 → PWM42756
[2024-07-24 17:19:51,815] CF67 CF65 | T0 → PWM0
[2024-07-24 17:20:19,576] CF65 CF67 | T55.5588 → PWM42756
[2024-07-24 17:20:46,182] CF65 CF67 | T0 → PWM0
[2024-07-24 17:21:13,933] CF65 CF67 | T55.5588 → PWM42756
[2024-07-24 17:21:40,526] CF67 CF65 | T0 → PWM0
[2024-07-24 17:22:08,330] CF67 CF65 | T55.5588 → PWM42756
[2024-07-24 17:26:11,402] CF67 CF65 | T0 → PWM0
[2024-07-24 17:26:43,643] CF67 CF65 | T55.5588 → PWM42756
[2024-07-24 17:30:46,512] CF65 CF67 | T0 → PWM0
[2024-07-24 17:31:18,588] CF65 CF67 | T55.5588 → PWM42756
[2024-07-24 17:35:21,579] CF67 CF65 | T0 → PWM0
[2024-07-24 17:35:54,476] CF67 CF65 | T55.5588 → PWM42756
[2024-07-24 17:37:33,152] CF65 CF67 | T0 → PWM0
[2024-07-24 17:38:02,337] CF65 CF67 | T55.5588 → PWM42756
[2024-07-24 17:39:41,061] CF65 CF67 | T0 → PWM0
[2024-07-24 17:40:10,157] CF65 CF67 | T55.5588 → PWM42756
[2024-07-24 17:41:48,884] CF67 CF65 | T0 → PWM0
[2024-07-24 17:42:18,382] CF67 CF65 | T55.5588 → PWM42756
[2024-07-24 17:43:09,071] CF67 CF65 | T0 → PWM0
[2024-07-24 17:43:37,603] CF65 CF67 | T55.5588 → PWM42756
[2024-07-24 17:44:28,313] CF65 CF67 | T0 → PWM0
[2024-07-24 17:44:56,472] CF65 CF67 | T55.5588 → PWM42756
[2024-07-24 17:45:47,189] CF67 CF65 | T0 → PWM0
[2024-07-24 17:46:15,898] CF65 CF67 | T55.5588 → PWM42756
[2024-07-24 17:46:50,556] CF67 CF65 | T0 → PWM0
[2024-07-24 17:47:18,491] CF67 CF65 | T55.5588 → PWM42756
[2024-07-24 17:47:53,049] CF67 CF65 | T0 → PWM0
[2024-07-24 17:48:21,233] CF67 CF65 | T55.5588 → PWM42756
[2024-07-24 17:48:55,871] CF65 CF67 | T0 → PWM0
[2024-07-24 17:49:24,216] CF67 CF65 | T55.5588 → PWM42756
[2024-07-24 17:49:50,720] CF67 CF65 | T0 → PWM0
[2024-07-24 17:50:18,662] CF65 CF67 | T55.5588 → PWM42756
[2024-07-24 17:50:45,216] CF67 CF65 | T0 → PWM0
[2024-07-24 17:51:12,892] CF65 CF67 | T55.5588 → PWM42756
[2024-07-24 17:51:39,516] CF65 CF67 | T0 → PWM0
[2024-07-24 17:52:09,010] CF65 CF67 | T75 → PWM53379
[2024-07-24 17:56:12,009] CF67 CF65 | T0 → PWM0
[2024-07-24 17:56:42,578] CF65 CF67 | T75 → PWM53379
[2024-07-24 18:00:45,490] CF67 CF65 | T0 → PWM0
[2024-07-24 18:01:15,809] CF65 CF67 | T75 → PWM53379
[2024-07-24 18:05:18,829] CF67 CF65 | T0 → PWM0
[2024-07-24 18:05:49,868] CF65 CF67 | T75 → PWM53379
[2024-07-24 18:07:28,455] CF65 CF67 | T0 → PWM0
[2024-07-24 18:07:56,926] CF65 CF67 | T75 → PWM53379
[2024-07-24 18:09:35,526] CF65 CF67 | T0 → PWM0
[2024-07-24 18:10:03,795] CF67 CF65 | T75 → PWM53379
[2024-07-24 18:11:42,387] CF65 CF67 | T0 → PWM0
[2024-07-24 18:12:11,285] CF67 CF65 | T75 → PWM53379
[2024-07-24 18:13:01,883] CF67 CF65 | T0 → PWM0
[2024-07-24 18:13:29,737] CF65 CF67 | T75 → PWM53379
[2024-07-24 18:14:20,653] CF67 CF65 | T0 → PWM0
[2024-07-24 18:14:48,328] CF65 CF67 | T75 → PWM53379
[2024-07-24 18:15:38,818] CF65 CF67 | T0 → PWM0
[2024-07-24 18:16:07,007] CF67 CF65 | T75 → PWM53379
[2024-07-24 18:16:41,491] CF65 CF67 | T0 → PWM0
[2024-07-24 18:17:09,066] CF67 CF65 | T75 → PWM53379
[2024-07-24 18:17:43,529] CF65 CF67 | T0 → PWM0
[2024-07-24 18:18:11,016] CF65 CF67 | T75 → PWM53379
[2024-07-24 18:18:45,508] CF67 CF65 | T0 → PWM0
[2024-07-24 18:19:13,753] CF65 CF67 | T75 → PWM53379
[2024-07-24 18:19:40,554] CF65 CF67 | T0 → PWM0
[2024-07-24 18:20:08,055] CF65 CF67 | T75 → PWM53379
[2024-07-24 18:20:34,533] CF67 CF65 | T0 → PWM0
[2024-07-24 18:21:01,913] CF65 CF67 | T75 → PWM53379
[2024-07-24 18:21:28,769] CF67 CF65 | T0 → PWM0
[2024-07-24 18:21:56,452] CF65 CF67 | T75 → PWM53379
[2024-07-24 18:25:59,221] CF67 CF65 | T0 → PWM0
[2024-07-24 18:26:29,831] CF67 CF65 | T75 → PWM53379
[2024-07-24 18:30:32,601] CF65 CF67 | T0 → PWM0
[2024-07-24 18:31:02,922] CF65 CF67 | T75 → PWM53379
[2024-07-24 18:35:05,609] CF65 CF67 | T0 → PWM0
[2024-07-24 18:35:36,466] CF67 CF65 | T75 → PWM53379
[2024-07-24 18:37:15,141] CF67 CF65 | T0 → PWM0
[2024-07-24 18:37:43,719] CF67 CF65 | T75 → PWM53379
[2024-07-24 18:39:22,309] CF65 CF67 | T0 → PWM0
[2024-07-24 18:39:50,680] CF65 CF67 | T75 → PWM53379
[2024-07-24 18:41:29,251] CF65 CF67 | T0 → PWM0
[2024-07-24 18:41:58,468] CF67 CF65 | T75 → PWM53379
[2024-07-24 18:42:49,044] CF65 CF67 | T0 → PWM0
[2024-07-24 18:43:16,783] CF65 CF67 | T75 → PWM53379
[2024-07-24 18:44:07,297] CF67 CF65 | T0 → PWM0
[2024-07-24 18:44:34,945] CF65 CF67 | T75 → PWM53379
[2024-07-24 18:45:25,521] CF65 CF67 | T0 → PWM0
[2024-07-24 18:45:53,683] CF67 CF65 | T75 → PWM53379
[2024-07-24 18:46:28,219] CF65 CF67 | T0 → PWM0
[2024-07-24 18:46:55,835] CF65 CF67 | T75 → PWM53379
[2024-07-24 18:47:30,369] CF67 CF65 | T0 → PWM0
[2024-07-24 18:47:57,838] CF67 CF65 | T75 → PWM53379
[2024-07-24 18:48:32,529] CF67 CF65 | T0 → PWM0
[2024-07-24 18:49:00,560] CF67 CF65 | T75 → PWM53379
[2024-07-24 18:49:27,068] CF65 CF67 | T0 → PWM0
[2024-07-24 18:49:54,548] CF67 CF65 | T75 → PWM53379
[2024-07-24 18:50:21,060] CF65 CF67 | T0 → PWM0
[2024-07-24 18:50:48,473] CF65 CF67 | T75 → PWM53379
[2024-07-24 18:51:15,020] CF67 CF65 | T0 → PWM0
[2024-08-07 16:13:35,443] CF65 CF67 | T10 → PWM10244
[2024-08-07 16:13:38,892] CF67 CF65 | T10 → PWM10244
[2024-08-07 16:13:40,541] CF65 CF67 | T0 → PWM0
[2024-08-07 16:26:20,018] CF65 CF67 | T50 → PWM39471
[2024-08-07 16:27:10,501] CF67 CF65 | T0 → PWM0
[2024-08-07 16:27:42,119] CF67 CF65 | T10 → PWM10244
[2024-08-07 16:27:45,955] CF65 CF67 | T0 → PWM0
[2024-08-07 16:27:56,354] CF67 CF65 | T10 → PWM10244
[2024-08-07 16:27:58,332] CF65 CF67 | T0 → PWM0
[2024-08-07 16:28:18,813] CF67 CF65 | T50 → PWM39471
[2024-08-07 16:29:09,287] CF65 CF67 | T0 → PWM0
[2024-08-07 16:34:56,803] CF67 CF65 | T50 → PWM39471
[2024-08-07 16:35:47,291] CF67 CF65 | T0 → PWM0
[2024-08-07 16:37:19,900] CF67 | T50 → PWM39471
[2024-08-07 16:38:10,479] CF67 | T0 → PWM0
[2024-08-07 16:43:52,921] CF67 CF65 | T50 → PWM39471
[2024-08-07 16:44:43,506] CF67 CF65 | T0 → PWM0
[2024-08-07 16:48:59,520] CF67 | T5 → PWM5388
[2024-08-07 16:49:32,148] CF67 | T10 → PWM10244
[2024-08-07 16:50:04,630] CF67 | T15 → PWM14699
[2024-08-07 16:50:37,204] CF67 | T20 → PWM18839
[2024-08-07 16:51:10,048] CF67 | T25 → PWM22722
[2024-08-07 16:51:42,888] CF67 | T30 → PWM26392
[2024-08-07 16:52:15,401] CF67 | T35 → PWM29879
[2024-08-07 16:52:47,924] CF67 | T40 → PWM33209
[2024-08-07 16:53:20,434] CF67 | T45 → PWM36401
[2024-08-07 16:53:53,335] CF67 | T50 → PWM39471
[2024-08-07 16:54:26,169] CF67 | T55 → PWM42432
[2024-08-07 16:54:59,056] CF67 | T60 → PWM45294
[2024-08-07 16:55:31,574] CF67 | T65 → PWM48068
[2024-08-07 16:56:04,002] CF67 | T70 → PWM50761
[2024-08-07 16:56:36,503] CF67 | T75 → PWM53379
[2024-08-07 16:57:09,185] CF67 | T80 → PWM55929
[2024-08-07 16:57:41,638] CF67 | T85 → PWM58415
[2024-08-07 16:58:14,178] CF67 | T90 → PWM60842
[2024-08-07 16:58:46,627] CF67 | T95 → PWM63214
[2024-08-07 16:59:19,096] CF67 | T100 → PWM65535
[2024-08-07 16:59:51,575] CF67 | T0 → PWM0
[2024-08-08 11:33:53,317] CF65 CF67 | T75 → PWM53379
[2024-08-08 11:34:19,834] CF65 CF67 | T0 → PWM0
[2024-08-08 11:34:48,406] CF65 CF67 | T75 → PWM53379
[2024-08-08 11:35:14,954] CF67 CF65 | T0 → PWM0
[2024-08-08 12:40:32,560] CF65 CF67 | T25 → PWM22722
[2024-08-08 12:44:35,285] CF67 CF65 | T0 → PWM0
[2024-08-08 12:45:06,028] CF67 CF65 | T25 → PWM22722
[2024-08-08 12:49:08,863] CF65 CF67 | T0 → PWM0
[2024-08-08 12:49:39,575] CF65 CF67 | T25 → PWM22722
[2024-08-08 12:53:42,318] CF67 CF65 | T0 → PWM0
[2024-08-08 12:54:13,580] CF65 CF67 | T25 → PWM22722
[2024-08-08 12:55:52,428] CF65 CF67 | T0 → PWM0
[2024-08-08 12:56:20,882] CF65 CF67 | T25 → PWM22722
[2024-08-08 12:57:59,447] CF67 CF65 | T0 → PWM0
[2024-08-08 12:58:27,976] CF65 CF67 | T25 → PWM22722
[2024-08-08 13:00:06,475] CF67 CF65 | T0 → PWM0
[2024-08-08 13:00:35,436] CF65 CF67 | T25 → PWM22722
[2024-08-08 13:01:25,906] CF67 CF65 | T0 → PWM0
[2024-08-08 13:01:53,648] CF65 CF67 | T25 → PWM22722
[2024-08-08 13:02:44,480] CF67 CF65 | T0 → PWM0
[2024-08-08 13:03:12,522] CF67 CF65 | T25 → PWM22722
[2024-08-08 13:04:02,999] CF67 CF65 | T0 → PWM0
[2024-08-08 13:04:31,519] CF67 CF65 | T25 → PWM22722
[2024-08-08 13:05:06,051] CF67 CF65 | T0 → PWM0
[2024-08-08 13:05:33,589] CF65 CF67 | T25 → PWM22722
[2024-08-08 13:06:08,164] CF67 CF65 | T0 → PWM0
[2024-08-08 13:06:35,581] CF65 CF67 | T25 → PWM22722
[2024-08-08 13:07:10,200] CF65 CF67 | T0 → PWM0
[2024-08-08 13:07:38,296] CF65 CF67 | T25 → PWM22722
[2024-08-08 13:08:04,792] CF65 CF67 | T0 → PWM0
[2024-08-08 13:08:32,597] CF67 CF65 | T25 → PWM22722
[2024-08-08 13:08:59,043] CF65 CF67 | T0 → PWM0
[2024-08-08 13:09:26,450] CF65 CF67 | T25 → PWM22722
[2024-08-08 13:09:52,972] CF65 CF67 | T0 → PWM0
[2024-08-08 13:10:20,584] CF65 CF67 | T25 → PWM22722
[2024-08-08 13:14:23,399] CF67 CF65 | T0 → PWM0
[2024-08-08 13:14:54,112] CF67 CF65 | T25 → PWM22722
[2024-08-08 13:18:56,966] CF65 CF67 | T0 → PWM0
[2024-08-08 13:19:27,798] CF65 CF67 | T25 → PWM22722
[2024-08-08 13:23:30,514] CF65 CF67 | T0 → PWM0
[2024-08-08 13:24:01,709] CF65 CF67 | T25 → PWM22722
[2024-08-08 13:25:40,265] CF65 CF67 | T0 → PWM0
[2024-08-08 13:26:08,645] CF65 CF67 | T25 → PWM22722
[2024-08-08 13:27:47,150] CF67 CF65 | T0 → PWM0
[2024-08-08 13:28:15,850] CF65 CF67 | T25 → PWM22722
[2024-08-08 13:29:54,367] CF65 CF67 | T0 → PWM0
[2024-08-08 13:30:23,333] CF67 CF65 | T25 → PWM22722
[2024-08-08 13:31:14,108] CF65 CF67 | T0 → PWM0
[2024-08-08 13:31:41,730] CF67 CF65 | T25 → PWM22722
[2024-08-08 13:32:32,226] CF65 CF67 | T0 → PWM0
[2024-08-08 13:33:00,013] CF65 CF67 | T25 → PWM22722
[2024-08-08 13:33:50,878] CF67 CF65 | T0 → PWM0
[2024-08-08 13:34:19,228] CF67 CF65 | T25 → PWM22722
[2024-08-08 13:34:53,992] CF65 CF67 | T0 → PWM0
[2024-08-08 13:35:21,437] CF65 CF67 | T25 → PWM22722
[2024-08-08 13:35:55,943] CF67 CF65 | T0 → PWM0
[2024-08-08 13:36:23,713] CF67 CF65 | T25 → PWM22722
[2024-08-08 13:36:58,198] CF67 CF65 | T0 → PWM0
[2024-08-08 13:37:26,212] CF67 CF65 | T25 → PWM22722
[2024-08-08 13:37:52,691] CF67 CF65 | T0 → PWM0
[2024-08-08 13:38:20,119] CF67 CF65 | T25 → PWM22722
[2024-08-08 13:38:46,952] CF65 CF67 | T0 → PWM0
[2024-08-08 13:39:14,290] CF67 CF65 | T25 → PWM22722
[2024-08-08 13:39:40,730] CF65 CF67 | T0 → PWM0
[2024-08-08 13:40:09,923] CF67 CF65 | T54.275 → PWM42009
[2024-08-08 13:44:12,820] CF65 CF67 | T0 → PWM0
[2024-08-08 13:44:43,726] CF67 CF65 | T54.275 → PWM42009
[2024-08-08 13:48:46,530] CF65 CF67 | T0 → PWM0
[2024-08-08 13:49:17,396] CF65 CF67 | T54.275 → PWM42009
[2024-08-08 13:53:20,113] CF65 CF67 | T0 → PWM0
[2024-08-08 13:53:51,451] CF67 CF65 | T54.275 → PWM42009
[2024-08-08 13:55:30,090] CF65 CF67 | T0 → PWM0
[2024-08-08 13:55:58,593] CF67 CF65 | T54.275 → PWM42009
[2024-08-08 13:57:37,128] CF65 CF67 | T0 → PWM0
[2024-08-08 13:58:05,580] CF65 CF67 | T54.275 → PWM42009
[2024-08-08 13:59:44,218] CF65 CF67 | T0 → PWM0
[2024-08-08 14:00:13,067] CF65 CF67 | T54.275 → PWM42009
[2024-08-08 14:01:03,568] CF67 CF65 | T0 → PWM0
[2024-08-08 14:01:31,453] CF67 CF65 | T54.275 → PWM42009
[2024-08-08 14:02:21,917] CF67 CF65 | T0 → PWM0
[2024-08-08 14:02:49,585] CF65 CF67 | T54.275 → PWM42009
[2024-08-08 14:03:40,205] CF67 CF65 | T0 → PWM0
[2024-08-08 14:04:08,464] CF67 CF65 | T54.275 → PWM42009
[2024-08-08 14:04:43,033] CF67 CF65 | T0 → PWM0
[2024-08-08 14:05:10,591] CF65 CF67 | T54.275 → PWM42009
[2024-08-08 14:05:45,094] CF67 CF65 | T0 → PWM0
[2024-08-08 14:06:12,579] CF67 CF65 | T54.275 → PWM42009
[2024-08-08 14:06:47,123] CF67 CF65 | T0 → PWM0
[2024-08-08 14:07:15,105] CF65 CF67 | T54.275 → PWM42009
[2024-08-08 14:07:41,655] CF65 CF67 | T0 → PWM0
[2024-08-08 14:08:09,340] CF67 CF65 | T54.275 → PWM42009
[2024-08-08 14:08:35,833] CF65 CF67 | T0 → PWM0
[2024-08-08 14:09:03,083] CF65 CF67 | T54.275 → PWM42009
[2024-08-08 14:09:29,573] CF67 CF65 | T0 → PWM0
[2024-08-08 14:09:56,821] CF67 CF65 | T54.275 → PWM42009
[2024-08-08 14:14:00,165] CF67 CF65 | T0 → PWM0
[2024-08-08 14:14:30,748] CF67 CF65 | T54.275 → PWM42009
[2024-08-08 14:18:33,597] CF67 CF65 | T0 → PWM0
[2024-08-08 14:19:04,239] CF67 CF65 | T54.275 → PWM42009
[2024-08-08 14:23:06,900] CF67 CF65 | T0 → PWM0
[2024-08-08 14:23:37,972] CF67 CF65 | T54.275 → PWM42009
[2024-08-08 14:25:16,533] CF67 CF65 | T0 → PWM0
[2024-08-08 14:25:45,032] CF67 CF65 | T54.275 → PWM42009
[2024-08-08 14:27:23,568] CF67 CF65 | T0 → PWM0
[2024-08-08 14:27:52,003] CF67 CF65 | T54.275 → PWM42009
[2024-08-08 14:29:30,593] CF67 CF65 | T0 → PWM0
[2024-08-08 14:29:59,518] CF67 CF65 | T54.275 → PWM42009
[2024-08-08 14:30:50,414] CF67 CF65 | T0 → PWM0
[2024-08-08 14:31:18,557] CF67 CF65 | T54.275 → PWM42009
[2024-08-08 14:32:09,247] CF65 CF67 | T0 → PWM0
[2024-08-08 14:32:37,329] CF67 CF65 | T54.275 → PWM42009
[2024-08-08 14:33:27,837] CF65 CF67 | T0 → PWM0
[2024-08-08 14:33:56,238] CF67 CF65 | T54.275 → PWM42009
[2024-08-08 14:34:30,712] CF65 CF67 | T0 → PWM0
[2024-08-08 14:34:58,220] CF67 CF65 | T54.275 → PWM42009
[2024-08-08 14:35:32,665] CF67 CF65 | T0 → PWM0
[2024-08-08 14:36:00,086] CF67 CF65 | T54.275 → PWM42009
[2024-08-08 14:36:34,550] CF65 CF67 | T0 → PWM0
[2024-08-08 14:37:02,467] CF65 CF67 | T54.275 → PWM42009
[2024-08-08 14:37:29,001] CF65 CF67 | T0 → PWM0
[2024-08-08 14:37:56,433] CF65 CF67 | T54.275 → PWM42009
[2024-08-08 14:38:22,995] CF65 CF67 | T0 → PWM0
[2024-08-08 14:38:50,526] CF65 CF67 | T54.275 → PWM42009
[2024-08-08 14:39:17,421] CF65 CF67 | T0 → PWM0
[2024-08-08 14:39:46,461] CF67 CF65 | T75 → PWM53379
[2024-08-08 14:43:49,280] CF67 CF65 | T0 → PWM0
[2024-08-08 14:44:20,471] CF67 CF65 | T75 → PWM53379
[2024-08-08 14:48:23,601] CF67 CF65 | T0 → PWM0
[2024-08-08 14:48:54,349] CF67 CF65 | T75 → PWM53379
[2024-08-08 14:52:57,074] CF65 CF67 | T0 → PWM0
[2024-08-08 14:53:28,315] CF67 CF65 | T75 → PWM53379
[2024-08-08 14:55:06,857] CF65 CF67 | T0 → PWM0
[2024-08-08 14:55:35,351] CF67 CF65 | T75 → PWM53379
[2024-08-08 14:57:14,004] CF67 CF65 | T0 → PWM0
[2024-08-08 14:57:42,306] CF67 CF65 | T75 → PWM53379
[2024-08-08 14:59:20,796] CF67 CF65 | T0 → PWM0
[2024-08-08 14:59:49,678] CF67 CF65 | T75 → PWM53379
[2024-08-08 15:00:40,616] CF65 CF67 | T0 → PWM0
[2024-08-08 15:01:08,499] CF67 CF65 | T75 → PWM53379
[2024-08-08 15:01:59,144] CF67 CF65 | T0 → PWM0
[2024-08-08 15:02:27,032] CF67 CF65 | T75 → PWM53379
[2024-08-08 15:03:17,879] CF65 CF67 | T0 → PWM0
[2024-08-08 15:03:46,417] CF67 CF65 | T75 → PWM53379
[2024-08-08 15:04:20,892] CF65 CF67 | T0 → PWM0
[2024-08-08 15:04:48,522] CF67 CF65 | T75 → PWM53379
[2024-08-08 15:05:23,040] CF65 CF67 | T0 → PWM0
[2024-08-08 15:05:50,811] CF67 CF65 | T75 → PWM53379
[2024-08-08 15:06:25,321] CF65 CF67 | T0 → PWM0
[2024-08-08 15:06:53,645] CF65 CF67 | T75 → PWM53379
[2024-08-08 15:07:20,101] CF67 CF65 | T0 → PWM0
[2024-08-08 15:07:47,535] CF65 CF67 | T75 → PWM53379
[2024-08-08 15:08:14,058] CF65 CF67 | T0 → PWM0
[2024-08-08 15:08:41,415] CF65 CF67 | T75 → PWM53379
[2024-08-08 15:09:07,989] CF67 CF65 | T0 → PWM0
[2024-08-08 15:09:35,342] CF65 CF67 | T75 → PWM53379
[2024-08-08 15:13:38,151] CF67 CF65 | T0 → PWM0
[2024-08-08 15:14:08,908] CF65 CF67 | T75 → PWM53379
[2024-08-08 15:18:11,678] CF65 CF67 | T0 → PWM0
[2024-08-08 15:18:42,335] CF67 CF65 | T75 → PWM53379
[2024-08-08 15:22:45,079] CF65 CF67 | T0 → PWM0
[2024-08-08 15:23:16,175] CF65 CF67 | T75 → PWM53379
[2024-08-08 15:24:54,718] CF67 CF65 | T0 → PWM0
[2024-08-08 15:25:23,042] CF67 CF65 | T75 → PWM53379
[2024-08-08 15:27:01,954] CF65 CF67 | T0 → PWM0
[2024-08-08 15:27:30,241] CF65 CF67 | T75 → PWM53379
[2024-08-08 15:29:08,762] CF65 CF67 | T0 → PWM0
[2024-08-08 15:29:38,026] CF67 CF65 | T75 → PWM53379
[2024-08-08 15:30:28,520] CF67 CF65 | T0 → PWM0
[2024-08-08 15:30:56,182] CF65 CF67 | T75 → PWM53379
[2024-08-08 15:31:47,038] CF67 CF65 | T0 → PWM0
[2024-08-08 15:32:14,627] CF67 CF65 | T75 → PWM53379
[2024-08-08 15:33:05,238] CF65 CF67 | T0 → PWM0
[2024-08-08 15:33:33,579] CF67 CF65 | T75 → PWM53379
[2024-08-08 15:34:08,130] CF65 CF67 | T0 → PWM0
[2024-08-08 15:34:35,655] CF67 CF65 | T75 → PWM53379
[2024-08-08 15:35:10,517] CF67 CF65 | T0 → PWM0
[2024-08-08 15:35:37,863] CF65 CF67 | T75 → PWM53379
[2024-08-08 15:36:12,413] CF67 CF65 | T0 → PWM0
[2024-08-08 15:36:40,441] CF65 CF67 | T75 → PWM53379
[2024-08-08 15:37:06,887] CF67 CF65 | T0 → PWM0
[2024-08-08 15:37:34,254] CF67 CF65 | T75 → PWM53379
[2024-08-08 15:38:00,730] CF67 CF65 | T0 → PWM0
[2024-08-08 15:38:27,952] CF67 CF65 | T75 → PWM53379
[2024-08-08 15:38:54,353] CF65 CF67 | T0 → PWM0
[2024-08-08 17:00:42,975] CF67 CF65 | T25 → PWM22722
[2024-08-08 17:04:45,765] CF67 CF65 | T0 → PWM0
[2024-08-08 17:05:16,205] CF67 CF65 | T25 → PWM22722
[2024-08-08 17:09:18,918] CF67 CF65 | T0 → PWM0
[2024-08-08 17:09:49,334] CF65 CF67 | T25 → PWM22722
[2024-08-08 17:13:52,161] CF67 CF65 | T0 → PWM0
[2024-08-08 17:14:23,391] CF65 CF67 | T25 → PWM22722
[2024-08-08 17:16:02,105] CF67 CF65 | T0 → PWM0
[2024-08-08 17:16:30,583] CF65 CF67 | T25 → PWM22722
[2024-08-08 17:18:09,471] CF67 CF65 | T0 → PWM0
[2024-08-08 17:18:37,866] CF65 CF67 | T25 → PWM22722
[2024-08-08 17:20:16,354] CF65 CF67 | T0 → PWM0
[2024-08-08 17:20:45,301] CF67 CF65 | T25 → PWM22722
[2024-08-08 17:21:35,804] CF65 CF67 | T0 → PWM0
[2024-08-08 17:22:03,943] CF65 CF67 | T25 → PWM22722
[2024-08-08 17:22:54,470] CF67 CF65 | T0 → PWM0
[2024-08-08 17:23:22,514] CF65 CF67 | T25 → PWM22722
[2024-08-08 17:24:13,019] CF67 CF65 | T0 → PWM0
[2024-08-08 17:24:41,245] CF65 CF67 | T25 → PWM22722
[2024-08-08 17:25:16,177] CF65 CF67 | T0 → PWM0
[2024-08-08 17:25:44,059] CF67 CF65 | T25 → PWM22722
[2024-08-08 17:26:18,567] CF67 CF65 | T0 → PWM0
[2024-08-08 17:26:45,980] CF65 CF67 | T25 → PWM22722
[2024-08-08 17:27:20,519] CF65 CF67 | T0 → PWM0
[2024-08-08 17:27:48,436] CF65 CF67 | T25 → PWM22722
[2024-08-08 17:28:15,402] CF65 CF67 | T0 → PWM0
[2024-08-08 17:28:43,088] CF67 CF65 | T25 → PWM22722
[2024-08-08 17:29:09,569] CF65 CF67 | T0 → PWM0
[2024-08-08 17:29:37,029] CF65 CF67 | T25 → PWM22722
[2024-08-08 17:30:03,525] CF67 CF65 | T0 → PWM0
[2024-08-08 17:30:31,102] CF67 CF65 | T25 → PWM22722
[2024-08-08 17:34:33,742] CF65 CF67 | T0 → PWM0
[2024-08-08 17:35:04,517] CF67 CF65 | T25 → PWM22722
[2024-08-08 17:39:07,108] CF65 CF67 | T0 → PWM0
[2024-08-08 17:39:37,628] CF67 CF65 | T25 → PWM22722
[2024-08-08 17:43:40,354] CF65 CF67 | T0 → PWM0
[2024-08-08 17:44:11,437] CF67 CF65 | T25 → PWM22722
[2024-08-08 17:45:50,366] CF65 CF67 | T0 → PWM0
[2024-08-08 17:46:18,876] CF65 CF67 | T25 → PWM22722
[2024-08-08 17:47:57,486] CF67 CF65 | T0 → PWM0
[2024-08-08 17:48:26,338] CF67 CF65 | T25 → PWM22722
[2024-08-08 17:50:04,871] CF67 CF65 | T0 → PWM0
[2024-08-08 17:50:33,754] CF67 CF65 | T25 → PWM22722
[2024-08-08 17:51:24,208] CF65 CF67 | T0 → PWM0
[2024-08-08 17:51:52,298] CF65 CF67 | T25 → PWM22722
[2024-08-08 17:52:42,758] CF67 CF65 | T0 → PWM0
[2024-08-08 17:53:10,402] CF65 CF67 | T25 → PWM22722
[2024-08-08 17:54:01,232] CF65 CF67 | T0 → PWM0
[2024-08-08 17:54:29,475] CF67 CF65 | T25 → PWM22722
[2024-08-08 17:55:03,967] CF65 CF67 | T0 → PWM0
[2024-08-08 17:55:31,410] CF67 CF65 | T25 → PWM22722
[2024-08-08 17:56:05,846] CF65 CF67 | T0 → PWM0
[2024-08-08 17:56:33,391] CF67 CF65 | T25 → PWM22722
[2024-08-08 17:57:07,903] CF67 CF65 | T0 → PWM0
[2024-08-08 17:57:35,833] CF67 CF65 | T25 → PWM22722
[2024-08-08 17:58:02,355] CF65 CF67 | T0 → PWM0
[2024-08-08 17:58:29,713] CF65 CF67 | T25 → PWM22722
[2024-08-08 17:58:56,460] CF65 CF67 | T0 → PWM0
[2024-08-08 17:59:23,787] CF65 CF67 | T25 → PWM22722
[2024-08-08 17:59:50,335] CF67 CF65 | T0 → PWM0
[2024-08-08 18:00:18,374] CF65 CF67 | T54.275 → PWM42009
[2024-08-08 18:04:21,213] CF67 CF65 | T0 → PWM0
[2024-08-08 18:04:51,694] CF67 CF65 | T54.275 → PWM42009
[2024-08-08 18:08:54,325] CF67 CF65 | T0 → PWM0
[2024-08-08 18:09:24,780] CF65 CF67 | T54.275 → PWM42009
[2024-08-08 18:13:27,848] CF67 CF65 | T0 → PWM0
[2024-08-08 18:13:58,898] CF65 CF67 | T54.275 → PWM42009
[2024-08-08 18:15:37,892] CF65 CF67 | T0 → PWM0
[2024-08-08 18:16:06,784] CF67 CF65 | T54.275 → PWM42009
[2024-08-08 18:17:45,595] CF67 CF65 | T0 → PWM0
[2024-08-08 18:18:13,977] CF67 CF65 | T54.275 → PWM42009
[2024-08-08 18:19:52,493] CF67 CF65 | T0 → PWM0
[2024-08-08 18:20:21,459] CF67 CF65 | T54.275 → PWM42009
[2024-08-08 18:21:11,947] CF65 CF67 | T0 → PWM0
[2024-08-08 18:21:39,759] CF65 CF67 | T54.275 → PWM42009
[2024-08-08 18:22:30,252] CF67 CF65 | T0 → PWM0
[2024-08-08 18:22:57,915] CF67 CF65 | T54.275 → PWM42009
[2024-08-08 18:23:48,801] CF67 CF65 | T0 → PWM0
[2024-08-08 18:24:16,906] CF67 CF65 | T54.275 → PWM42009
[2024-08-08 18:24:51,744] CF67 CF65 | T0 → PWM0
[2024-08-08 18:25:19,367] CF67 CF65 | T54.275 → PWM42009
[2024-08-08 18:25:53,877] CF65 CF67 | T0 → PWM0
[2024-08-08 18:26:21,295] CF65 CF67 | T54.275 → PWM42009
[2024-08-08 18:26:55,755] CF65 CF67 | T0 → PWM0
[2024-08-08 18:27:23,647] CF65 CF67 | T54.275 → PWM42009
[2024-08-08 18:27:50,068] CF65 CF67 | T0 → PWM0
[2024-08-08 18:28:17,780] CF67 CF65 | T54.275 → PWM42009
[2024-08-08 18:28:44,599] CF65 CF67 | T0 → PWM0
[2024-08-08 18:29:11,901] CF67 CF65 | T54.275 → PWM42009
[2024-08-08 18:29:38,804] CF67 CF65 | T0 → PWM0
[2024-08-08 18:30:06,468] CF65 CF67 | T54.275 → PWM42009
[2024-08-08 18:34:09,159] CF67 CF65 | T0 → PWM0
[2024-08-08 18:34:39,980] CF67 CF65 | T54.275 → PWM42009
[2024-08-08 18:38:42,626] CF67 CF65 | T0 → PWM0
[2024-08-08 18:39:13,086] CF65 CF67 | T54.275 → PWM42009
[2024-08-08 18:43:15,757] CF65 CF67 | T0 → PWM0
[2024-08-08 18:43:47,010] CF67 CF65 | T54.275 → PWM42009
[2024-08-08 18:45:26,225] CF67 CF65 | T0 → PWM0
[2024-08-08 18:45:54,702] CF65 CF67 | T54.275 → PWM42009
[2024-08-08 18:47:33,200] CF67 CF65 | T0 → PWM0
[2024-08-08 18:48:01,908] CF65 CF67 | T54.275 → PWM42009
[2024-08-08 18:49:40,475] CF65 CF67 | T0 → PWM0
[2024-08-08 18:50:09,397] CF65 CF67 | T54.275 → PWM42009
[2024-08-08 18:50:59,953] CF67 CF65 | T0 → PWM0
[2024-08-08 18:51:27,675] CF67 CF65 | T54.275 → PWM42009
[2024-08-08 18:52:18,231] CF65 CF67 | T0 → PWM0
[2024-08-08 18:52:45,841] CF65 CF67 | T54.275 → PWM42009
[2024-08-08 18:53:36,707] CF67 CF65 | T0 → PWM0
[2024-08-08 18:54:04,899] CF67 CF65 | T54.275 → PWM42009
[2024-08-08 18:54:39,385] CF67 CF65 | T0 → PWM0
[2024-08-08 18:55:06,948] CF67 CF65 | T54.275 → PWM42009
[2024-08-08 18:55:41,975] CF65 CF67 | T0 → PWM0
[2024-08-08 18:56:09,401] CF65 CF67 | T54.275 → PWM42009
[2024-08-08 18:56:44,057] CF67 CF65 | T0 → PWM0
[2024-08-08 18:57:11,957] CF65 CF67 | T54.275 → PWM42009
[2024-08-08 18:57:38,458] CF67 CF65 | T0 → PWM0
[2024-08-08 18:58:06,288] CF65 CF67 | T54.275 → PWM42009
[2024-08-08 18:58:33,257] CF65 CF67 | T0 → PWM0
[2024-08-08 18:59:00,618] CF67 CF65 | T54.275 → PWM42009
[2024-08-08 18:59:27,073] CF65 CF67 | T0 → PWM0
[2024-08-08 18:59:55,221] CF65 CF67 | T75 → PWM53379
[2024-08-08 19:03:58,239] CF65 CF67 | T0 → PWM0
[2024-08-08 19:04:29,306] CF67 CF65 | T75 → PWM53379
[2024-08-08 19:08:32,046] CF65 CF67 | T0 → PWM0
[2024-08-08 19:09:02,644] CF67 CF65 | T75 → PWM53379
[2024-08-08 19:13:05,343] CF67 CF65 | T0 → PWM0
[2024-08-08 19:13:36,394] CF65 CF67 | T75 → PWM53379
[2024-08-08 19:15:15,313] CF67 CF65 | T0 → PWM0
[2024-08-08 19:15:44,173] CF65 CF67 | T75 → PWM53379
[2024-08-08 19:17:22,776] CF67 CF65 | T0 → PWM0
[2024-08-08 19:17:51,116] CF65 CF67 | T75 → PWM53379
[2024-08-08 19:19:29,944] CF67 CF65 | T0 → PWM0
[2024-08-08 19:19:59,239] CF65 CF67 | T75 → PWM53379
[2024-08-08 19:20:49,737] CF67 CF65 | T0 → PWM0
[2024-08-08 19:21:17,444] CF67 CF65 | T75 → PWM53379
[2024-08-08 19:22:08,386] CF65 CF67 | T0 → PWM0
[2024-08-08 19:22:35,984] CF65 CF67 | T75 → PWM53379
[2024-08-08 19:23:26,566] CF65 CF67 | T0 → PWM0
[2024-08-08 19:23:55,176] CF65 CF67 | T75 → PWM53379
[2024-08-08 19:24:29,666] CF65 CF67 | T0 → PWM0
[2024-08-08 19:24:57,222] CF65 CF67 | T75 → PWM53379
[2024-08-08 19:25:31,720] CF65 CF67 | T0 → PWM0
[2024-08-08 19:25:59,149] CF65 CF67 | T75 → PWM53379
[2024-08-08 19:26:33,638] CF67 CF65 | T0 → PWM0
[2024-08-08 19:27:01,552] CF65 CF67 | T75 → PWM53379
[2024-08-08 19:27:28,062] CF65 CF67 | T0 → PWM0
[2024-08-08 19:27:55,548] CF67 CF65 | T75 → PWM53379
[2024-08-08 19:28:22,377] CF65 CF67 | T0 → PWM0
[2024-08-08 19:28:49,698] CF65 CF67 | T75 → PWM53379
[2024-08-08 19:29:16,177] CF65 CF67 | T0 → PWM0
[2024-08-08 19:29:43,787] CF67 CF65 | T75 → PWM53379
[2024-08-08 19:33:46,505] CF67 CF65 | T0 → PWM0
[2024-08-08 19:34:17,311] CF65 CF67 | T75 → PWM53379
[2024-08-08 19:38:20,062] CF67 CF65 | T0 → PWM0
[2024-08-08 19:38:50,682] CF67 CF65 | T75 → PWM53379
[2024-08-08 19:42:53,483] CF65 CF67 | T0 → PWM0
[2024-08-08 19:43:24,580] CF67 CF65 | T75 → PWM53379
[2024-08-08 19:45:03,232] CF67 CF65 | T0 → PWM0
[2024-08-08 19:45:31,741] CF65 CF67 | T75 → PWM53379
[2024-08-08 19:47:10,381] CF65 CF67 | T0 → PWM0
[2024-08-08 19:47:38,856] CF65 CF67 | T75 → PWM53379
[2024-08-08 19:49:17,455] CF67 CF65 | T0 → PWM0
[2024-08-08 19:49:46,579] CF65 CF67 | T75 → PWM53379
[2024-08-08 19:50:37,123] CF67 CF65 | T0 → PWM0
[2024-08-08 19:51:04,794] CF67 CF65 | T75 → PWM53379
[2024-08-08 19:51:55,328] CF67 CF65 | T0 → PWM0
[2024-08-08 19:52:22,999] CF67 CF65 | T75 → PWM53379
[2024-08-08 19:53:13,579] CF65 CF67 | T0 → PWM0
[2024-08-08 19:53:41,805] CF67 CF65 | T75 → PWM53379
[2024-08-08 19:54:16,660] CF65 CF67 | T0 → PWM0
[2024-08-08 19:54:44,666] CF67 CF65 | T75 → PWM53379
[2024-08-08 19:55:19,132] CF67 CF65 | T0 → PWM0
[2024-08-08 19:55:46,591] CF67 CF65 | T75 → PWM53379
[2024-08-08 19:56:21,062] CF67 CF65 | T0 → PWM0
[2024-08-08 19:56:49,030] CF67 CF65 | T75 → PWM53379
[2024-08-08 19:57:15,645] CF65 CF67 | T0 → PWM0
[2024-08-08 19:57:43,572] CF65 CF67 | T75 → PWM53379
[2024-08-08 19:58:10,234] CF65 CF67 | T0 → PWM0
[2024-08-08 19:58:37,566] CF67 CF65 | T75 → PWM53379
[2024-08-08 19:59:03,996] CF65 CF67 | T0 → PWM0
[2024-08-09 11:40:48,830] CF65 CF67 | T25 → PWM22722
[2024-08-09 11:44:51,610] CF65 CF67 | T0 → PWM0
[2024-08-09 11:45:22,235] CF65 CF67 | T25 → PWM22722
[2024-08-09 11:49:24,894] CF67 CF65 | T0 → PWM0
[2024-08-09 11:49:55,579] CF65 CF67 | T25 → PWM22722
[2024-08-09 11:53:58,570] CF65 CF67 | T0 → PWM0
[2024-08-09 11:54:29,677] CF65 CF67 | T25 → PWM22722
[2024-08-09 11:56:08,225] CF65 CF67 | T0 → PWM0
[2024-08-09 11:56:36,736] CF65 CF67 | T25 → PWM22722
[2024-08-09 11:58:15,339] CF65 CF67 | T0 → PWM0
[2024-08-09 11:58:43,671] CF67 CF65 | T25 → PWM22722
[2024-08-09 12:00:22,541] CF65 CF67 | T0 → PWM0
[2024-08-09 12:00:51,786] CF65 CF67 | T25 → PWM22722
[2024-08-09 12:01:42,885] CF67 CF65 | T0 → PWM0
[2024-08-09 12:02:10,622] CF65 CF67 | T25 → PWM22722
[2024-08-09 12:03:01,142] CF65 CF67 | T0 → PWM0
[2024-08-09 12:03:28,807] CF67 CF65 | T25 → PWM22722
[2024-08-09 12:04:19,599] CF65 CF67 | T0 → PWM0
[2024-08-09 12:04:47,838] CF65 CF67 | T25 → PWM22722
[2024-08-09 12:05:22,415] CF67 CF65 | T0 → PWM0
[2024-08-09 12:05:50,014] CF65 CF67 | T25 → PWM22722
[2024-08-09 12:06:24,529] CF65 CF67 | T0 → PWM0
[2024-08-09 12:06:51,885] CF67 CF65 | T25 → PWM22722
[2024-08-09 12:07:26,329] CF67 CF65 | T0 → PWM0
[2024-08-09 12:07:54,286] CF67 CF65 | T25 → PWM22722
[2024-08-09 12:08:20,770] CF67 CF65 | T0 → PWM0
[2024-08-09 12:08:48,197] CF67 CF65 | T25 → PWM22722
[2024-08-09 12:09:14,687] CF67 CF65 | T0 → PWM0
[2024-08-09 12:09:41,939] CF65 CF67 | T25 → PWM22722
[2024-08-09 12:10:08,596] CF65 CF67 | T0 → PWM0
[2024-08-09 12:10:36,045] CF67 CF65 | T25 → PWM22722
[2024-08-09 12:14:39,945] CF67 CF65 | T0 → PWM0
[2024-08-09 12:15:10,423] CF65 CF67 | T25 → PWM22722
[2024-08-09 12:19:13,071] CF67 CF65 | T0 → PWM0
[2024-08-09 12:19:45,052] CF65 CF67 | T25 → PWM22722
[2024-08-09 12:23:47,866] CF65 CF67 | T0 → PWM0
[2024-08-09 12:24:20,527] CF65 CF67 | T25 → PWM22722
[2024-08-09 12:25:59,095] CF65 CF67 | T0 → PWM0
[2024-08-09 12:26:28,243] CF67 CF65 | T25 → PWM22722
[2024-08-09 12:28:06,847] CF67 CF65 | T0 → PWM0
[2024-08-09 12:28:35,900] CF67 CF65 | T25 → PWM22722
[2024-08-09 12:30:14,519] CF65 CF67 | T0 → PWM0
[2024-08-09 12:30:44,133] CF67 CF65 | T25 → PWM22722
[2024-08-09 12:31:35,022] CF65 CF67 | T0 → PWM0
[2024-08-09 12:32:03,245] CF67 CF65 | T25 → PWM22722
[2024-08-09 12:32:53,859] CF67 CF65 | T0 → PWM0
[2024-08-09 12:33:21,924] CF67 CF65 | T25 → PWM22722
[2024-08-09 12:34:12,510] CF67 CF65 | T0 → PWM0
[2024-08-09 12:34:41,136] CF65 CF67 | T25 → PWM22722
[2024-08-09 12:35:15,689] CF67 CF65 | T0 → PWM0
[2024-08-09 12:35:43,494] CF65 CF67 | T25 → PWM22722
[2024-08-09 12:36:18,056] CF65 CF67 | T0 → PWM0
[2024-08-09 12:36:45,822] CF65 CF67 | T25 → PWM22722
[2024-08-09 12:37:20,393] CF67 CF65 | T0 → PWM0
[2024-08-09 12:37:48,604] CF65 CF67 | T25 → PWM22722
[2024-08-09 12:38:15,192] CF67 CF65 | T0 → PWM0
[2024-08-09 12:38:42,861] CF65 CF67 | T25 → PWM22722
[2024-08-09 12:39:09,379] CF67 CF65 | T0 → PWM0
[2024-08-09 12:39:36,885] CF65 CF67 | T25 → PWM22722
[2024-08-09 12:40:03,408] CF67 CF65 | T0 → PWM0
[2024-08-09 12:40:31,911] CF65 CF67 | T54.275 → PWM42009
[2024-08-09 12:44:34,890] CF65 CF67 | T0 → PWM0
[2024-08-09 12:45:07,030] CF67 CF65 | T54.275 → PWM42009
[2024-08-09 12:49:10,242] CF67 CF65 | T0 → PWM0
[2024-08-09 12:49:42,303] CF67 CF65 | T54.275 → PWM42009
[2024-08-09 12:53:45,152] CF67 CF65 | T0 → PWM0
[2024-08-09 12:54:17,934] CF65 CF67 | T54.275 → PWM42009
[2024-08-09 12:55:56,564] CF65 CF67 | T0 → PWM0
[2024-08-09 12:56:25,682] CF67 CF65 | T54.275 → PWM42009
[2024-08-09 12:58:04,268] CF65 CF67 | T0 → PWM0
[2024-08-09 12:58:33,488] CF67 CF65 | T54.275 → PWM42009
[2024-08-09 13:00:12,147] CF65 CF67 | T0 → PWM0
[2024-08-09 13:00:41,763] CF65 CF67 | T54.275 → PWM42009
[2024-08-09 13:01:32,343] CF67 CF65 | T0 → PWM0
[2024-08-09 13:02:00,500] CF67 CF65 | T54.275 → PWM42009
[2024-08-09 13:02:51,250] CF65 CF67 | T0 → PWM0
[2024-08-09 13:03:19,187] CF65 CF67 | T54.275 → PWM42009
[2024-08-09 13:04:09,779] CF65 CF67 | T0 → PWM0
[2024-08-09 13:04:38,397] CF65 CF67 | T54.275 → PWM42009
[2024-08-09 13:05:13,382] CF65 CF67 | T0 → PWM0
[2024-08-09 13:05:41,301] CF65 CF67 | T54.275 → PWM42009
[2024-08-09 13:06:16,202] CF67 CF65 | T0 → PWM0
[2024-08-09 13:06:43,969] CF65 CF67 | T54.275 → PWM42009
[2024-08-09 13:07:18,848] CF65 CF67 | T0 → PWM0
[2024-08-09 14:17:31,929] CF65 CF67 | T54.275 → PWM42009
[2024-08-09 14:17:58,805] CF65 CF67 | T0 → PWM0
[2024-08-09 14:19:07,255] CF65 CF67 | T54.275 → PWM42009
[2024-08-09 14:19:33,781] CF67 CF65 | T0 → PWM0
[2024-08-09 14:20:01,151] CF65 CF67 | T54.275 → PWM42009
[2024-08-09 14:20:27,649] CF65 CF67 | T0 → PWM0
[2024-08-09 14:20:55,129] CF65 CF67 | T54.275 → PWM42009
[2024-08-09 14:24:57,975] CF67 CF65 | T0 → PWM0
[2024-08-09 14:25:28,588] CF65 CF67 | T54.275 → PWM42009
[2024-08-09 14:29:31,314] CF65 CF67 | T0 → PWM0
[2024-08-09 14:30:02,252] CF65 CF67 | T54.275 → PWM42009
[2024-08-09 14:34:04,983] CF65 CF67 | T0 → PWM0
[2024-08-09 14:34:36,020] CF65 CF67 | T54.275 → PWM42009
[2024-08-09 14:36:14,530] CF65 CF67 | T0 → PWM0
[2024-08-09 14:36:42,883] CF67 CF65 | T54.275 → PWM42009
[2024-08-09 14:38:21,391] CF65 CF67 | T0 → PWM0
[2024-08-09 14:38:49,777] CF65 CF67 | T54.275 → PWM42009
[2024-08-09 14:40:28,311] CF67 CF65 | T0 → PWM0
[2024-08-09 14:40:57,104] CF67 CF65 | T54.275 → PWM42009
[2024-08-09 14:41:47,576] CF65 CF67 | T0 → PWM0
[2024-08-09 14:42:15,286] CF65 CF67 | T54.275 → PWM42009
[2024-08-09 14:43:06,138] CF67 CF65 | T0 → PWM0
[2024-08-09 14:43:33,727] CF65 CF67 | T54.275 → PWM42009
[2024-08-09 14:44:24,359] CF67 CF65 | T0 → PWM0
[2024-08-09 14:44:52,511] CF67 CF65 | T54.275 → PWM42009
[2024-08-09 14:45:26,945] CF65 CF67 | T0 → PWM0
[2024-08-09 14:45:54,794] CF67 CF65 | T54.275 → PWM42009
[2024-08-09 14:46:29,259] CF67 CF65 | T0 → PWM0
[2024-08-09 14:46:56,676] CF65 CF67 | T54.275 → PWM42009
[2024-08-09 14:47:31,191] CF65 CF67 | T0 → PWM0
[2024-08-09 14:47:59,155] CF65 CF67 | T54.275 → PWM42009
[2024-08-09 14:48:25,585] CF65 CF67 | T0 → PWM0
[2024-08-09 14:48:52,898] CF65 CF67 | T54.275 → PWM42009
[2024-08-09 14:49:19,327] CF65 CF67 | T0 → PWM0
[2024-08-09 14:49:46,688] CF65 CF67 | T54.275 → PWM42009
[2024-08-09 14:50:13,225] CF65 CF67 | T0 → PWM0
[2024-08-09 14:50:41,467] CF65 CF67 | T75 → PWM53379
[2024-08-09 14:54:44,111] CF67 CF65 | T0 → PWM0
[2024-08-09 14:55:14,699] CF67 CF65 | T75 → PWM53379
[2024-08-09 14:59:17,420] CF65 CF67 | T0 → PWM0
[2024-08-09 14:59:47,952] CF65 CF67 | T75 → PWM53379
[2024-08-09 15:03:50,616] CF67 CF65 | T0 → PWM0
[2024-08-09 15:04:21,549] CF65 CF67 | T75 → PWM53379
[2024-08-09 15:06:00,441] CF67 CF65 | T0 → PWM0
[2024-08-09 15:06:28,845] CF67 CF65 | T75 → PWM53379
[2024-08-09 15:08:07,761] CF67 CF65 | T0 → PWM0
[2024-08-09 15:08:36,413] CF65 CF67 | T75 → PWM53379
[2024-08-09 15:10:15,410] CF67 CF65 | T0 → PWM0
[2024-08-09 15:10:44,227] CF65 CF67 | T75 → PWM53379
[2024-08-09 15:11:34,769] CF67 CF65 | T0 → PWM0
[2024-08-09 15:12:02,854] CF67 CF65 | T75 → PWM53379
[2024-08-09 15:12:53,735] CF67 CF65 | T0 → PWM0
[2024-08-09 15:13:21,700] CF67 CF65 | T75 → PWM53379
[2024-08-09 15:14:12,284] CF65 CF67 | T0 → PWM0
[2024-08-09 15:14:40,548] CF65 CF67 | T75 → PWM53379
[2024-08-09 15:15:14,994] CF65 CF67 | T0 → PWM0
[2024-08-09 15:15:42,565] CF67 CF65 | T75 → PWM53379
[2024-08-09 15:16:17,071] CF67 CF65 | T0 → PWM0
[2024-08-09 15:16:44,849] CF65 CF67 | T75 → PWM53379
[2024-08-09 15:17:19,336] CF65 CF67 | T0 → PWM0
[2024-08-09 15:17:47,734] CF65 CF67 | T75 → PWM53379
[2024-08-09 15:18:14,205] CF67 CF65 | T0 → PWM0
[2024-08-09 15:18:41,520] CF67 CF65 | T75 → PWM53379
[2024-08-09 15:19:08,231] CF65 CF67 | T0 → PWM0
[2024-08-09 15:19:35,503] CF65 CF67 | T75 → PWM53379
[2024-08-09 15:20:02,009] CF65 CF67 | T0 → PWM0
[2024-08-09 15:20:29,822] CF65 CF67 | T75 → PWM53379
[2024-08-09 15:24:32,542] CF67 CF65 | T0 → PWM0
[2024-08-09 15:25:03,001] CF65 CF67 | T75 → PWM53379
[2024-08-09 15:29:05,715] CF65 CF67 | T0 → PWM0
[2024-08-09 15:29:36,180] CF65 CF67 | T75 → PWM53379
[2024-08-09 15:33:38,861] CF67 CF65 | T0 → PWM0
[2024-08-09 15:34:09,888] CF65 CF67 | T75 → PWM53379
[2024-08-09 15:35:48,439] CF65 CF67 | T0 → PWM0
[2024-08-09 15:36:16,867] CF65 CF67 | T75 → PWM53379
[2024-08-09 15:37:55,749] CF67 CF65 | T0 → PWM0
[2024-08-09 15:38:24,136] CF65 CF67 | T75 → PWM53379
[2024-08-09 15:40:02,908] CF67 CF65 | T0 → PWM0
[2024-08-09 15:40:32,060] CF65 CF67 | T75 → PWM53379
[2024-08-09 15:41:22,550] CF65 CF67 | T0 → PWM0
[2024-08-09 15:41:50,307] CF67 CF65 | T75 → PWM53379
[2024-08-09 15:42:40,788] CF67 CF65 | T0 → PWM0
[2024-08-09 15:43:08,885] CF67 CF65 | T75 → PWM53379
[2024-08-09 15:43:59,800] CF67 CF65 | T0 → PWM0
[2024-08-09 15:44:28,127] CF67 CF65 | T75 → PWM53379
[2024-08-09 15:45:02,586] CF67 CF65 | T0 → PWM0
[2024-08-09 15:45:30,145] CF65 CF67 | T75 → PWM53379
[2024-08-09 15:46:05,021] CF67 CF65 | T0 → PWM0
[2024-08-09 15:46:32,801] CF65 CF67 | T75 → PWM53379
[2024-08-09 15:47:07,232] CF67 CF65 | T0 → PWM0
[2024-08-09 15:47:35,274] CF67 CF65 | T75 → PWM53379
[2024-08-09 15:48:01,717] CF67 CF65 | T0 → PWM0
[2024-08-09 15:48:29,144] CF65 CF67 | T75 → PWM53379
[2024-08-09 15:48:56,040] CF65 CF67 | T0 → PWM0
[2024-08-09 15:49:23,591] CF65 CF67 | T75 → PWM53379
[2024-08-09 15:49:50,180] CF65 CF67 | T0 → PWM0
[2024-08-09 17:28:14,115] CF67 CF65 | T25 → PWM22722
[2024-08-09 17:32:17,038] CF67 CF65 | T0 → PWM0
[2024-08-10 10:46:41,481] CF67 CF65 | T25 → PWM22722
[2024-08-10 10:50:44,105] CF67 CF65 | T0 → PWM0
[2024-08-10 10:51:14,652] CF65 CF67 | T25 → PWM22722
[2024-08-10 10:55:17,355] CF67 CF65 | T0 → PWM0
[2024-08-10 10:55:48,516] CF65 CF67 | T25 → PWM22722
[2024-08-10 10:57:27,157] CF67 CF65 | T0 → PWM0
[2024-08-10 10:57:55,764] CF67 CF65 | T25 → PWM22722
[2024-08-10 10:59:34,465] CF65 CF67 | T0 → PWM0
[2024-08-10 11:00:02,977] CF65 CF67 | T25 → PWM22722
[2024-08-10 11:01:41,909] CF67 CF65 | T0 → PWM0
[2024-08-10 11:02:10,895] CF65 CF67 | T25 → PWM22722
[2024-08-10 11:03:01,447] CF67 CF65 | T0 → PWM0
[2024-08-10 11:03:29,253] CF67 CF65 | T25 → PWM22722
[2024-08-10 11:04:19,764] CF67 CF65 | T0 → PWM0
[2024-08-10 11:04:47,777] CF67 CF65 | T25 → PWM22722
[2024-08-10 11:05:38,341] CF65 CF67 | T0 → PWM0
[2024-08-10 11:06:06,536] CF67 CF65 | T25 → PWM22722
[2024-08-10 11:06:41,082] CF65 CF67 | T0 → PWM0
[2024-08-10 11:07:08,701] CF67 CF65 | T25 → PWM22722
[2024-08-10 11:07:43,473] CF67 CF65 | T0 → PWM0
[2024-08-10 11:08:11,002] CF65 CF67 | T25 → PWM22722
[2024-08-10 11:08:45,447] CF65 CF67 | T0 → PWM0
[2024-08-10 11:09:13,936] CF67 CF65 | T25 → PWM22722
[2024-08-10 11:09:40,453] CF67 CF65 | T0 → PWM0
[2024-08-10 11:10:07,852] CF67 CF65 | T25 → PWM22722
[2024-08-10 11:10:34,450] CF67 CF65 | T0 → PWM0
[2024-08-10 11:11:01,817] CF67 CF65 | T25 → PWM22722
[2024-08-10 11:11:28,424] CF67 CF65 | T0 → PWM0
[2024-08-10 11:11:56,233] CF67 CF65 | T54.275 → PWM42009
[2024-08-10 11:15:58,939] CF67 CF65 | T0 → PWM0
[2024-08-10 11:16:29,957] CF65 CF67 | T54.275 → PWM42009
[2024-08-10 11:20:32,858] CF67 CF65 | T0 → PWM0
[2024-08-10 11:21:03,531] CF65 CF67 | T54.275 → PWM42009
[2024-08-10 11:25:06,430] CF67 CF65 | T0 → PWM0
[2024-08-10 11:25:37,630] CF67 CF65 | T54.275 → PWM42009
[2024-08-10 11:27:16,264] CF65 CF67 | T0 → PWM0
[2024-08-10 11:27:44,738] CF65 CF67 | T54.275 → PWM42009
[2024-08-10 11:29:23,325] CF65 CF67 | T0 → PWM0
[2024-08-10 11:29:52,061] CF67 CF65 | T54.275 → PWM42009
[2024-08-10 11:31:30,609] CF67 CF65 | T0 → PWM0
[2024-08-10 11:31:59,575] CF65 CF67 | T54.275 → PWM42009
[2024-08-10 11:32:50,034] CF65 CF67 | T0 → PWM0
[2024-08-10 11:33:17,819] CF67 CF65 | T54.275 → PWM42009
[2024-08-10 11:34:08,303] CF67 CF65 | T0 → PWM0
[2024-08-10 11:34:35,997] CF65 CF67 | T54.275 → PWM42009
[2024-08-10 11:35:26,542] CF67 CF65 | T0 → PWM0
[2024-08-10 11:35:54,793] CF67 CF65 | T54.275 → PWM42009
[2024-08-10 11:36:29,652] CF65 CF67 | T0 → PWM0
[2024-08-10 11:36:57,375] CF65 CF67 | T54.275 → PWM42009
[2024-08-10 11:37:31,899] CF65 CF67 | T0 → PWM0
[2024-08-10 11:37:59,299] CF67 CF65 | T54.275 → PWM42009
[2024-08-10 11:38:33,775] CF67 CF65 | T0 → PWM0
[2024-08-10 11:39:01,783] CF65 CF67 | T54.275 → PWM42009
[2024-08-10 11:39:28,280] CF65 CF67 | T0 → PWM0
[2024-08-10 11:39:55,779] CF67 CF65 | T54.275 → PWM42009
[2024-08-10 11:40:22,663] CF65 CF67 | T0 → PWM0
[2024-08-10 11:40:50,096] CF65 CF67 | T54.275 → PWM42009
[2024-08-10 11:41:16,676] CF67 CF65 | T0 → PWM0
[2024-08-10 11:41:44,859] CF65 CF67 | T75 → PWM53379
[2024-08-10 11:45:47,533] CF65 CF67 | T0 → PWM0
[2024-08-10 11:46:18,198] CF67 CF65 | T75 → PWM53379
[2024-08-10 11:50:21,029] CF65 CF67 | T0 → PWM0
[2024-08-10 11:50:51,190] CF67 CF65 | T75 → PWM53379
[2024-08-10 11:54:53,905] CF65 CF67 | T0 → PWM0
[2024-08-10 11:55:25,022] CF65 CF67 | T75 → PWM53379
[2024-08-10 11:57:03,597] CF65 CF67 | T0 → PWM0
[2024-08-10 11:57:31,995] CF65 CF67 | T75 → PWM53379
[2024-08-10 11:59:10,545] CF67 CF65 | T0 → PWM0
[2024-08-10 11:59:39,012] CF65 CF67 | T75 → PWM53379
[2024-08-10 12:01:17,579] CF65 CF67 | T0 → PWM0
[2024-08-10 12:01:46,484] CF65 CF67 | T75 → PWM53379
[2024-08-10 12:02:37,475] CF65 CF67 | T0 → PWM0
[2024-08-10 12:03:05,320] CF67 CF65 | T75 → PWM53379
[2024-08-10 12:03:55,793] CF67 CF65 | T0 → PWM0
[2024-08-10 12:04:23,665] CF67 CF65 | T75 → PWM53379
[2024-08-10 12:05:14,144] CF65 CF67 | T0 → PWM0
[2024-08-10 12:05:42,752] CF67 CF65 | T75 → PWM53379
[2024-08-10 12:06:17,230] CF65 CF67 | T0 → PWM0
[2024-08-10 12:06:44,841] CF67 CF65 | T75 → PWM53379
[2024-08-10 12:07:19,353] CF67 CF65 | T0 → PWM0
[2024-08-10 12:07:46,912] CF65 CF67 | T75 → PWM53379
[2024-08-10 12:08:21,426] CF65 CF67 | T0 → PWM0
[2024-08-10 12:08:49,721] CF65 CF67 | T75 → PWM53379
[2024-08-10 12:09:16,312] CF67 CF65 | T0 → PWM0
[2024-08-10 12:09:43,746] CF65 CF67 | T75 → PWM53379
[2024-08-10 12:10:10,364] CF67 CF65 | T0 → PWM0
[2024-08-10 12:10:37,699] CF65 CF67 | T75 → PWM53379
[2024-08-10 12:11:04,238] CF67 CF65 | T0 → PWM0
[2024-08-12 12:30:14,687] CF65 CF67 | T25 → PWM22722
[2024-08-12 12:34:17,312] CF67 CF65 | T0 → PWM0
[2024-08-12 12:34:47,649] CF65 CF67 | T25 → PWM22722
[2024-08-12 12:38:50,361] CF65 CF67 | T0 → PWM0
[2024-08-12 12:39:20,822] CF67 CF65 | T25 → PWM22722
[2024-08-12 12:43:23,945] CF67 CF65 | T0 → PWM0
[2024-08-12 12:43:55,339] CF67 CF65 | T25 → PWM22722
[2024-08-12 12:45:34,250] CF65 CF67 | T0 → PWM0
[2024-08-12 12:46:02,895] CF65 CF67 | T25 → PWM22722
[2024-08-12 12:47:41,829] CF67 CF65 | T0 → PWM0
[2024-08-12 12:48:10,560] CF65 CF67 | T25 → PWM22722
[2024-08-12 12:49:49,373] CF67 CF65 | T0 → PWM0
[2024-08-12 12:50:18,527] CF65 CF67 | T25 → PWM22722
[2024-08-12 12:51:09,303] CF65 CF67 | T0 → PWM0
[2024-08-12 12:51:37,054] CF65 CF67 | T25 → PWM22722
[2024-08-12 12:52:27,524] CF67 CF65 | T0 → PWM0
[2024-08-12 12:52:55,153] CF67 CF65 | T25 → PWM22722
[2024-08-12 12:53:45,624] CF65 CF67 | T0 → PWM0
[2024-08-12 12:54:13,908] CF67 CF65 | T25 → PWM22722
[2024-08-12 12:54:48,465] CF65 CF67 | T0 → PWM0
[2024-08-12 12:55:15,970] CF65 CF67 | T25 → PWM22722
[2024-08-12 12:55:50,566] CF65 CF67 | T0 → PWM0
[2024-08-12 12:56:17,970] CF65 CF67 | T25 → PWM22722
[2024-08-12 12:56:52,439] CF65 CF67 | T0 → PWM0
[2024-08-12 12:57:20,340] CF65 CF67 | T25 → PWM22722
[2024-08-12 12:57:46,801] CF65 CF67 | T0 → PWM0
[2024-08-12 12:58:14,255] CF65 CF67 | T25 → PWM22722
[2024-08-12 12:58:40,774] CF65 CF67 | T0 → PWM0
[2024-08-12 12:59:08,251] CF67 CF65 | T25 → PWM22722
[2024-08-12 12:59:34,759] CF67 CF65 | T0 → PWM0
[2024-08-12 13:00:04,217] CF65 CF67 | T25 → PWM22722
[2024-08-12 13:04:06,930] CF65 CF67 | T0 → PWM0
[2024-08-12 13:04:37,422] CF65 CF67 | T25 → PWM22722
[2024-08-12 13:08:40,247] CF67 CF65 | T0 → PWM0
[2024-08-12 13:09:10,747] CF65 CF67 | T25 → PWM22722
[2024-08-12 13:13:13,592] CF65 CF67 | T0 → PWM0
[2024-08-12 13:13:44,567] CF67 CF65 | T25 → PWM22722
[2024-08-12 13:15:23,074] CF67 CF65 | T0 → PWM0
[2024-08-12 13:15:51,543] CF65 CF67 | T25 → PWM22722
[2024-08-12 13:17:30,113] CF65 CF67 | T0 → PWM0
[2024-08-12 13:17:58,796] CF67 CF65 | T25 → PWM22722
[2024-08-12 13:19:37,420] CF65 CF67 | T0 → PWM0
[2024-08-12 13:20:06,330] CF65 CF67 | T25 → PWM22722
[2024-08-12 13:20:56,885] CF67 CF65 | T0 → PWM0
[2024-08-12 13:21:24,520] CF67 CF65 | T25 → PWM22722
[2024-08-12 13:22:15,098] CF65 CF67 | T0 → PWM0
[2024-08-12 13:22:42,784] CF67 CF65 | T25 → PWM22722
[2024-08-12 13:23:33,200] CF65 CF67 | T0 → PWM0
[2024-08-12 13:24:01,486] CF67 CF65 | T25 → PWM22722
[2024-08-12 13:24:36,094] CF67 CF65 | T0 → PWM0
[2024-08-12 13:25:03,719] CF65 CF67 | T25 → PWM22722
[2024-08-12 13:25:38,152] CF65 CF67 | T0 → PWM0
[2024-08-12 13:26:05,593] CF65 CF67 | T25 → PWM22722
[2024-08-12 13:26:40,111] CF65 CF67 | T0 → PWM0
[2024-08-12 13:27:08,194] CF67 CF65 | T25 → PWM22722
[2024-08-12 13:27:34,731] CF65 CF67 | T0 → PWM0
[2024-08-12 13:28:02,139] CF65 CF67 | T25 → PWM22722
[2024-08-12 13:28:28,673] CF65 CF67 | T0 → PWM0
[2024-08-12 13:28:56,004] CF67 CF65 | T25 → PWM22722
[2024-08-12 13:29:22,620] CF67 CF65 | T0 → PWM0
[2024-08-12 13:29:50,661] CF65 CF67 | T25 → PWM22722
[2024-08-12 13:33:53,553] CF67 CF65 | T0 → PWM0
[2024-08-12 13:34:24,096] CF65 CF67 | T25 → PWM22722
[2024-08-12 13:38:26,796] CF67 CF65 | T0 → PWM0
[2024-08-12 13:38:57,392] CF67 CF65 | T25 → PWM22722
[2024-08-12 13:43:00,092] CF65 CF67 | T0 → PWM0
[2024-08-12 13:43:31,075] CF65 CF67 | T25 → PWM22722
[2024-08-12 13:45:09,759] CF65 CF67 | T0 → PWM0
[2024-08-12 13:45:38,199] CF67 CF65 | T25 → PWM22722
[2024-08-12 13:47:16,861] CF67 CF65 | T0 → PWM0
[2024-08-12 13:47:45,266] CF67 CF65 | T25 → PWM22722
[2024-08-12 13:49:23,891] CF67 CF65 | T0 → PWM0
[2024-08-12 13:49:52,773] CF65 CF67 | T25 → PWM22722
[2024-08-12 13:50:43,387] CF65 CF67 | T0 → PWM0
[2024-08-12 13:51:11,568] CF67 CF65 | T25 → PWM22722
[2024-08-12 13:52:02,183] CF65 CF67 | T0 → PWM0
[2024-08-12 13:52:29,971] CF65 CF67 | T25 → PWM22722
[2024-08-12 13:53:20,439] CF65 CF67 | T0 → PWM0
[2024-08-12 13:53:49,019] CF67 CF65 | T25 → PWM22722
[2024-08-12 13:54:23,522] CF67 CF65 | T0 → PWM0
[2024-08-12 13:54:51,104] CF65 CF67 | T25 → PWM22722
[2024-08-12 13:55:25,996] CF65 CF67 | T0 → PWM0
[2024-08-12 13:55:53,504] CF67 CF65 | T25 → PWM22722
[2024-08-12 13:56:28,071] CF67 CF65 | T0 → PWM0
[2024-08-12 13:56:56,114] CF65 CF67 | T25 → PWM22722
[2024-08-12 13:57:22,973] CF65 CF67 | T0 → PWM0
[2024-08-12 13:57:50,599] CF65 CF67 | T25 → PWM22722
[2024-08-12 13:58:17,204] CF67 CF65 | T0 → PWM0
[2024-08-12 13:58:44,436] CF67 CF65 | T25 → PWM22722
[2024-08-12 13:59:11,236] CF65 CF67 | T0 → PWM0
[2024-08-12 13:59:38,779] CF67 CF65 | T25 → PWM22722
[2024-08-12 14:03:41,469] CF65 CF67 | T0 → PWM0
[2024-08-12 14:04:11,903] CF65 CF67 | T25 → PWM22722
[2024-08-12 14:08:15,100] CF67 CF65 | T0 → PWM0
[2024-08-12 14:08:45,614] CF67 CF65 | T25 → PWM22722
[2024-08-12 14:12:48,602] CF67 CF65 | T0 → PWM0
[2024-08-12 14:13:19,615] CF65 CF67 | T25 → PWM22722
[2024-08-12 14:14:58,170] CF65 CF67 | T0 → PWM0
[2024-08-12 14:15:26,630] CF65 CF67 | T25 → PWM22722
[2024-08-12 14:17:05,467] CF65 CF67 | T0 → PWM0
[2024-08-12 14:17:34,213] CF67 CF65 | T25 → PWM22722
[2024-08-12 14:19:12,858] CF65 CF67 | T0 → PWM0
[2024-08-12 14:19:41,694] CF65 CF67 | T25 → PWM22722
[2024-08-12 14:20:32,119] CF67 CF65 | T0 → PWM0
[2024-08-12 14:20:59,804] CF67 CF65 | T25 → PWM22722
[2024-08-12 14:21:50,276] CF65 CF67 | T0 → PWM0
[2024-08-12 14:22:18,210] CF67 CF65 | T25 → PWM22722
[2024-08-12 14:23:08,719] CF67 CF65 | T0 → PWM0
[2024-08-12 14:23:37,408] CF67 CF65 | T25 → PWM22722
[2024-08-12 14:24:12,328] CF67 CF65 | T0 → PWM0
[2024-08-12 14:24:40,013] CF67 CF65 | T25 → PWM22722
[2024-08-12 14:25:14,477] CF67 CF65 | T0 → PWM0
[2024-08-12 14:25:42,017] CF65 CF67 | T25 → PWM22722
[2024-08-12 14:26:16,672] CF65 CF67 | T0 → PWM0
[2024-08-12 14:26:44,554] CF65 CF67 | T25 → PWM22722
[2024-08-12 14:27:11,376] CF65 CF67 | T0 → PWM0
[2024-08-12 14:27:38,775] CF67 CF65 | T25 → PWM22722
[2024-08-12 14:28:05,402] CF67 CF65 | T0 → PWM0
[2024-08-12 14:28:32,746] CF65 CF67 | T25 → PWM22722
[2024-08-12 14:28:59,243] CF67 CF65 | T0 → PWM0
[2024-08-12 14:29:26,205] CF65 CF67 | T54.275 → PWM42009
[2024-08-12 14:33:28,912] CF65 CF67 | T0 → PWM0
[2024-08-12 14:33:59,674] CF65 CF67 | T54.275 → PWM42009
[2024-08-12 14:38:02,404] CF67 CF65 | T0 → PWM0
[2024-08-12 14:38:33,167] CF65 CF67 | T54.275 → PWM42009
[2024-08-12 14:42:35,956] CF67 CF65 | T0 → PWM0
[2024-08-12 14:43:06,944] CF65 CF67 | T54.275 → PWM42009
[2024-08-12 14:44:45,427] CF67 CF65 | T0 → PWM0
[2024-08-12 14:45:14,184] CF65 CF67 | T54.275 → PWM42009
[2024-08-12 14:46:52,723] CF67 CF65 | T0 → PWM0
[2024-08-12 14:47:21,476] CF67 CF65 | T54.275 → PWM42009
[2024-08-12 14:49:00,048] CF67 CF65 | T0 → PWM0
[2024-08-12 14:49:28,951] CF65 CF67 | T54.275 → PWM42009
[2024-08-12 14:50:19,514] CF65 CF67 | T0 → PWM0
[2024-08-12 14:50:47,345] CF67 CF65 | T54.275 → PWM42009
[2024-08-12 14:51:38,006] CF67 CF65 | T0 → PWM0
[2024-08-12 14:52:05,668] CF65 CF67 | T54.275 → PWM42009
[2024-08-12 14:52:56,307] CF65 CF67 | T0 → PWM0
[2024-08-12 14:53:24,574] CF67 CF65 | T54.275 → PWM42009
[2024-08-12 14:53:59,139] CF65 CF67 | T0 → PWM0
[2024-08-12 14:54:26,663] CF67 CF65 | T54.275 → PWM42009
[2024-08-12 14:55:01,294] CF65 CF67 | T0 → PWM0
[2024-08-12 14:55:28,731] CF65 CF67 | T54.275 → PWM42009
[2024-08-12 14:56:04,268] CF67 CF65 | T0 → PWM0
[2024-08-12 14:56:32,325] CF67 CF65 | T54.275 → PWM42009
[2024-08-12 14:56:58,780] CF67 CF65 | T0 → PWM0
[2024-08-12 14:57:26,215] CF67 CF65 | T54.275 → PWM42009
[2024-08-12 14:57:52,811] CF67 CF65 | T0 → PWM0
[2024-08-12 14:58:20,161] CF67 CF65 | T54.275 → PWM42009
[2024-08-12 14:58:46,665] CF65 CF67 | T0 → PWM0
[2024-08-12 14:59:15,737] CF65 CF67 | T54.275 → PWM42009
[2024-08-12 15:03:18,467] CF65 CF67 | T0 → PWM0
[2024-08-12 15:03:48,950] CF67 CF65 | T54.275 → PWM42009
[2024-08-12 15:07:51,715] CF67 CF65 | T0 → PWM0
[2024-08-12 15:08:22,273] CF67 CF65 | T54.275 → PWM42009
[2024-08-12 15:12:24,951] CF65 CF67 | T0 → PWM0
[2024-08-12 15:12:56,427] CF67 CF65 | T54.275 → PWM42009
[2024-08-12 15:14:34,992] CF67 CF65 | T0 → PWM0
[2024-08-12 15:15:03,464] CF67 CF65 | T54.275 → PWM42009
[2024-08-12 15:16:42,547] CF65 CF67 | T0 → PWM0
[2024-08-12 15:17:10,840] CF67 CF65 | T54.275 → PWM42009
[2024-08-12 15:18:49,496] CF67 CF65 | T0 → PWM0
[2024-08-12 15:19:18,437] CF67 CF65 | T54.275 → PWM42009
[2024-08-12 15:20:09,043] CF65 CF67 | T0 → PWM0
[2024-08-12 15:20:36,729] CF65 CF67 | T54.275 → PWM42009
[2024-08-12 15:21:27,265] CF67 CF65 | T0 → PWM0
[2024-08-12 15:21:54,919] CF65 CF67 | T54.275 → PWM42009
[2024-08-12 15:22:45,823] CF67 CF65 | T0 → PWM0
[2024-08-12 15:23:13,975] CF67 CF65 | T54.275 → PWM42009
[2024-08-12 15:23:48,873] CF67 CF65 | T0 → PWM0
[2024-08-12 15:24:16,382] CF67 CF65 | T54.275 → PWM42009
[2024-08-12 15:24:50,981] CF65 CF67 | T0 → PWM0
[2024-08-12 15:25:18,481] CF65 CF67 | T54.275 → PWM42009
[2024-08-12 15:25:53,030] CF67 CF65 | T0 → PWM0
[2024-08-12 15:26:21,235] CF67 CF65 | T54.275 → PWM42009
[2024-08-12 15:26:47,674] CF65 CF67 | T0 → PWM0
[2024-08-12 15:27:15,096] CF67 CF65 | T54.275 → PWM42009
[2024-08-12 15:27:41,568] CF65 CF67 | T0 → PWM0
[2024-08-12 15:28:08,894] CF65 CF67 | T54.275 → PWM42009
[2024-08-12 15:28:35,396] CF65 CF67 | T0 → PWM0
[2024-08-12 15:29:03,076] CF65 CF67 | T54.275 → PWM42009
[2024-08-12 15:33:06,159] CF65 CF67 | T0 → PWM0
[2024-08-12 15:33:36,600] CF65 CF67 | T54.275 → PWM42009
[2024-08-12 15:37:39,390] CF67 CF65 | T0 → PWM0
[2024-08-12 15:38:10,133] CF65 CF67 | T54.275 → PWM42009
[2024-08-12 15:42:12,867] CF67 CF65 | T0 → PWM0
[2024-08-12 15:42:43,907] CF67 CF65 | T54.275 → PWM42009
[2024-08-12 15:44:22,588] CF65 CF67 | T0 → PWM0
[2024-08-12 15:44:51,221] CF67 CF65 | T54.275 → PWM42009
[2024-08-12 15:46:29,764] CF65 CF67 | T0 → PWM0
[2024-08-12 15:46:58,152] CF65 CF67 | T54.275 → PWM42009
[2024-08-12 15:48:36,670] CF67 CF65 | T0 → PWM0
[2024-08-12 15:49:05,535] CF65 CF67 | T54.275 → PWM42009
[2024-08-12 15:49:56,341] CF67 CF65 | T0 → PWM0
[2024-08-12 15:50:24,201] CF65 CF67 | T54.275 → PWM42009
[2024-08-12 15:51:15,083] CF65 CF67 | T0 → PWM0
[2024-08-12 15:51:43,178] CF67 CF65 | T54.275 → PWM42009
[2024-08-12 15:52:33,747] CF65 CF67 | T0 → PWM0
[2024-08-12 15:53:01,980] CF67 CF65 | T54.275 → PWM42009
[2024-08-12 15:53:36,527] CF67 CF65 | T0 → PWM0
[2024-08-12 15:54:03,984] CF67 CF65 | T54.275 → PWM42009
[2024-08-12 15:54:38,556] CF65 CF67 | T0 → PWM0
[2024-08-12 15:55:05,990] CF67 CF65 | T54.275 → PWM42009
[2024-08-12 15:55:40,602] CF65 CF67 | T0 → PWM0
[2024-08-12 15:56:08,929] CF65 CF67 | T54.275 → PWM42009
[2024-08-12 15:56:35,417] CF65 CF67 | T0 → PWM0
[2024-08-12 15:57:03,262] CF65 CF67 | T54.275 → PWM42009
[2024-08-12 15:57:29,876] CF67 CF65 | T0 → PWM0
[2024-08-12 15:57:57,235] CF65 CF67 | T54.275 → PWM42009
[2024-08-12 15:58:24,091] CF67 CF65 | T0 → PWM0
[2024-08-12 15:58:52,248] CF65 CF67 | T54.275 → PWM42009
[2024-08-12 16:02:54,989] CF65 CF67 | T0 → PWM0
[2024-08-12 16:03:25,495] CF65 CF67 | T54.275 → PWM42009
[2024-08-12 16:07:28,164] CF67 CF65 | T0 → PWM0
[2024-08-12 16:07:58,526] CF65 CF67 | T54.275 → PWM42009
[2024-08-12 16:12:01,273] CF67 CF65 | T0 → PWM0
[2024-08-12 16:12:32,447] CF65 CF67 | T54.275 → PWM42009
[2024-08-12 16:14:11,027] CF67 CF65 | T0 → PWM0
[2024-08-12 16:14:39,473] CF67 CF65 | T54.275 → PWM42009
[2024-08-12 16:16:17,967] CF67 CF65 | T0 → PWM0
[2024-08-12 16:16:46,353] CF67 CF65 | T54.275 → PWM42009
[2024-08-12 16:18:24,866] CF67 CF65 | T0 → PWM0
[2024-08-12 16:18:53,747] CF67 CF65 | T54.275 → PWM42009
[2024-08-12 16:19:44,398] CF67 CF65 | T0 → PWM0
[2024-08-12 16:20:12,238] CF67 CF65 | T54.275 → PWM42009
[2024-08-12 16:21:02,848] CF65 CF67 | T0 → PWM0
[2024-08-12 16:21:30,615] CF67 CF65 | T54.275 → PWM42009
[2024-08-12 16:22:21,498] CF65 CF67 | T0 → PWM0
[2024-08-12 16:22:49,660] CF67 CF65 | T54.275 → PWM42009
[2024-08-12 16:23:24,205] CF67 CF65 | T0 → PWM0
[2024-08-12 16:23:51,872] CF65 CF67 | T54.275 → PWM42009
[2024-08-12 16:24:26,372] CF65 CF67 | T0 → PWM0
[2024-08-12 16:24:54,135] CF67 CF65 | T54.275 → PWM42009
[2024-08-12 16:25:28,615] CF65 CF67 | T0 → PWM0
[2024-08-12 16:25:56,643] CF67 CF65 | T54.275 → PWM42009
[2024-08-12 16:26:23,021] CF67 CF65 | T0 → PWM0
[2024-08-12 16:26:50,475] CF65 CF67 | T54.275 → PWM42009
[2024-08-12 16:27:16,932] CF65 CF67 | T0 → PWM0
[2024-08-12 16:27:46,167] CF65 CF67 | T54.275 → PWM42009
[2024-08-12 16:28:12,707] CF65 CF67 | T0 → PWM0
[2024-08-12 16:42:19,019] CF65 CF67 | T75 → PWM53379
[2024-08-12 16:46:21,901] CF65 CF67 | T0 → PWM0
[2024-08-12 16:46:52,294] CF65 CF67 | T75 → PWM53379
[2024-08-12 16:50:55,343] CF67 CF65 | T0 → PWM0
[2024-08-12 16:51:25,786] CF65 CF67 | T75 → PWM53379
[2024-08-12 16:55:28,453] CF67 CF65 | T0 → PWM0
[2024-08-12 16:55:59,368] CF67 CF65 | T75 → PWM53379
[2024-08-12 16:57:37,864] CF65 CF67 | T0 → PWM0
[2024-08-12 16:58:06,312] CF65 CF67 | T75 → PWM53379
[2024-08-12 16:59:44,793] CF65 CF67 | T0 → PWM0
[2024-08-12 17:00:13,298] CF65 CF67 | T75 → PWM53379
[2024-08-12 17:01:51,888] CF65 CF67 | T0 → PWM0
[2024-08-12 17:02:20,854] CF65 CF67 | T75 → PWM53379
[2024-08-12 17:03:11,343] CF65 CF67 | T0 → PWM0
[2024-08-12 17:03:39,482] CF67 CF65 | T75 → PWM53379
[2024-08-12 17:04:30,010] CF65 CF67 | T0 → PWM0
[2024-08-12 17:04:57,867] CF67 CF65 | T75 → PWM53379
[2024-08-12 17:05:48,452] CF65 CF67 | T0 → PWM0
[2024-08-12 17:06:16,706] CF67 CF65 | T75 → PWM53379
[2024-08-12 17:06:51,354] CF65 CF67 | T0 → PWM0
[2024-08-12 17:07:18,812] CF65 CF67 | T75 → PWM53379
[2024-08-12 17:07:53,381] CF65 CF67 | T0 → PWM0
[2024-08-12 17:08:20,854] CF65 CF67 | T75 → PWM53379
[2024-08-12 17:08:55,285] CF67 CF65 | T0 → PWM0
[2024-08-12 17:09:23,528] CF67 CF65 | T75 → PWM53379
[2024-08-12 17:09:50,015] CF65 CF67 | T0 → PWM0
[2024-08-12 17:10:17,461] CF67 CF65 | T75 → PWM53379
[2024-08-12 17:10:44,391] CF65 CF67 | T0 → PWM0
[2024-08-12 17:11:11,786] CF67 CF65 | T75 → PWM53379
[2024-08-12 17:11:38,196] CF67 CF65 | T0 → PWM0
[2024-08-12 17:12:07,309] CF67 CF65 | T75 → PWM53379
[2024-08-12 17:16:09,960] CF67 CF65 | T0 → PWM0
[2024-08-12 17:16:41,942] CF65 CF67 | T75 → PWM53379
[2024-08-12 17:20:45,202] CF67 CF65 | T0 → PWM0
[2024-08-12 17:21:15,682] CF67 CF65 | T75 → PWM53379
[2024-08-12 17:25:18,357] CF65 CF67 | T0 → PWM0
[2024-08-12 17:25:49,385] CF67 CF65 | T75 → PWM53379
[2024-08-12 17:27:27,878] CF65 CF67 | T0 → PWM0
[2024-08-12 17:27:56,393] CF65 CF67 | T75 → PWM53379
[2024-08-12 17:29:35,072] CF67 CF65 | T0 → PWM0
[2024-08-12 17:30:03,455] CF65 CF67 | T75 → PWM53379
[2024-08-12 17:31:42,269] CF67 CF65 | T0 → PWM0
[2024-08-12 17:32:11,121] CF65 CF67 | T75 → PWM53379
[2024-08-12 17:33:01,959] CF65 CF67 | T0 → PWM0
[2024-08-12 17:33:29,879] CF65 CF67 | T75 → PWM53379
[2024-08-12 17:34:20,371] CF65 CF67 | T0 → PWM0
[2024-08-12 17:34:48,024] CF65 CF67 | T75 → PWM53379
[2024-08-12 17:35:38,883] CF65 CF67 | T0 → PWM0
[2024-08-12 17:36:07,164] CF67 CF65 | T75 → PWM53379
[2024-08-12 17:36:41,676] CF65 CF67 | T0 → PWM0
[2024-08-12 17:37:09,225] CF67 CF65 | T75 → PWM53379
[2024-08-12 17:37:43,694] CF67 CF65 | T0 → PWM0
[2024-08-12 17:38:11,302] CF65 CF67 | T75 → PWM53379
[2024-08-12 17:38:45,787] CF67 CF65 | T0 → PWM0
[2024-08-12 17:39:13,697] CF67 CF65 | T75 → PWM53379
[2024-08-12 17:39:40,187] CF67 CF65 | T0 → PWM0
[2024-08-12 17:40:07,603] CF67 CF65 | T75 → PWM53379
[2024-08-12 17:40:34,115] CF67 CF65 | T0 → PWM0
[2024-08-12 17:41:01,433] CF65 CF67 | T75 → PWM53379
[2024-08-12 17:41:28,044] CF65 CF67 | T0 → PWM0
[2024-08-12 17:41:55,754] CF65 CF67 | T75 → PWM53379
[2024-08-12 17:45:58,646] CF65 CF67 | T0 → PWM0
[2024-08-12 17:46:29,124] CF65 CF67 | T75 → PWM53379
[2024-08-12 17:50:31,816] CF65 CF67 | T0 → PWM0
[2024-08-12 17:51:02,374] CF67 CF65 | T75 → PWM53379
[2024-08-12 17:55:05,134] CF65 CF67 | T0 → PWM0
[2024-08-12 17:55:36,456] CF67 CF65 | T75 → PWM53379
[2024-08-12 17:57:15,107] CF65 CF67 | T0 → PWM0
[2024-08-12 17:57:43,576] CF65 CF67 | T75 → PWM53379
[2024-08-12 17:59:22,266] CF67 CF65 | T0 → PWM0
[2024-08-12 17:59:50,670] CF65 CF67 | T75 → PWM53379
[2024-08-12 18:01:29,314] CF65 CF67 | T0 → PWM0
[2024-08-12 18:01:58,312] CF65 CF67 | T75 → PWM53379
[2024-08-12 18:02:48,825] CF65 CF67 | T0 → PWM0
[2024-08-12 18:03:16,670] CF65 CF67 | T75 → PWM53379
[2024-08-12 18:04:07,176] CF65 CF67 | T0 → PWM0
[2024-08-12 18:04:34,781] CF65 CF67 | T75 → PWM53379
[2024-08-12 18:05:25,275] CF65 CF67 | T0 → PWM0
[2024-08-12 18:05:53,418] CF65 CF67 | T75 → PWM53379
[2024-08-12 18:06:27,851] CF67 CF65 | T0 → PWM0
[2024-08-12 18:06:55,599] CF67 CF65 | T75 → PWM53379
[2024-08-12 18:07:30,048] CF65 CF67 | T0 → PWM0
[2024-08-12 18:07:57,551] CF65 CF67 | T75 → PWM53379
[2024-08-12 18:08:32,033] CF65 CF67 | T0 → PWM0
[2024-08-12 18:09:00,000] CF65 CF67 | T75 → PWM53379
[2024-08-12 18:09:26,546] CF65 CF67 | T0 → PWM0
[2024-08-12 18:09:54,653] CF67 CF65 | T75 → PWM53379
[2024-08-12 18:10:21,176] CF65 CF67 | T0 → PWM0
[2024-08-12 18:10:48,713] CF67 CF65 | T75 → PWM53379
[2024-08-12 18:11:15,273] CF67 CF65 | T0 → PWM0
[2024-08-12 18:11:42,967] CF65 CF67 | T75 → PWM53379
[2024-08-12 18:15:45,700] CF65 CF67 | T0 → PWM0
[2024-08-12 18:16:16,099] CF65 CF67 | T75 → PWM53379
[2024-08-12 18:20:19,225] CF65 CF67 | T0 → PWM0
[2024-08-12 18:20:49,854] CF65 CF67 | T75 → PWM53379
[2024-08-12 18:24:52,678] CF65 CF67 | T0 → PWM0
[2024-08-12 18:25:23,719] CF65 CF67 | T75 → PWM53379
[2024-08-12 18:27:02,680] CF65 CF67 | T0 → PWM0
[2024-08-12 18:27:31,504] CF67 CF65 | T75 → PWM53379
[2024-08-12 18:29:10,103] CF67 CF65 | T0 → PWM0
[2024-08-12 18:29:38,444] CF67 CF65 | T75 → PWM53379
[2024-08-12 18:31:16,942] CF65 CF67 | T0 → PWM0
[2024-08-12 18:31:45,730] CF67 CF65 | T75 → PWM53379
[2024-08-12 18:32:36,428] CF65 CF67 | T0 → PWM0
[2024-08-12 18:33:04,255] CF67 CF65 | T75 → PWM53379
[2024-08-12 18:33:54,739] CF65 CF67 | T0 → PWM0
[2024-08-12 18:34:22,730] CF65 CF67 | T75 → PWM53379
[2024-08-12 18:35:13,297] CF65 CF67 | T0 → PWM0
[2024-08-12 18:35:41,400] CF65 CF67 | T75 → PWM53379
[2024-08-12 18:36:15,972] CF67 CF65 | T0 → PWM0
[2024-08-12 18:36:43,512] CF65 CF67 | T75 → PWM53379
[2024-08-12 18:37:18,011] CF65 CF67 | T0 → PWM0
[2024-08-12 18:37:45,837] CF67 CF65 | T75 → PWM53379
[2024-08-12 18:38:20,378] CF67 CF65 | T0 → PWM0
[2024-08-12 18:38:48,326] CF67 CF65 | T75 → PWM53379
[2024-08-12 18:39:14,856] CF65 CF67 | T0 → PWM0
[2024-08-12 18:39:42,363] CF65 CF67 | T75 → PWM53379
[2024-08-12 18:40:08,798] CF67 CF65 | T0 → PWM0
[2024-08-12 18:40:36,584] CF65 CF67 | T75 → PWM53379
[2024-08-12 18:41:03,113] CF67 CF65 | T0 → PWM0
[2024-08-13 11:18:21,280] CF67 CF65 | T25 → PWM22722
[2024-08-13 11:22:30,254] CF67 CF65 | T0 → PWM0
[2024-08-13 11:23:00,787] CF65 CF67 | T25 → PWM22722
[2024-08-13 11:27:03,550] CF67 CF65 | T0 → PWM0
[2024-08-13 11:27:34,106] CF67 CF65 | T25 → PWM22722
[2024-08-13 11:31:36,791] CF67 CF65 | T0 → PWM0
[2024-08-13 11:32:07,685] CF65 CF67 | T25 → PWM22722
[2024-08-13 11:33:46,313] CF67 CF65 | T0 → PWM0
[2024-08-13 11:34:14,743] CF67 CF65 | T25 → PWM22722
[2024-08-13 11:35:53,581] CF67 CF65 | T0 → PWM0
[2024-08-13 11:36:21,964] CF65 CF67 | T25 → PWM22722
[2024-08-13 11:38:00,534] CF67 CF65 | T0 → PWM0
[2024-08-13 11:38:29,435] CF67 CF65 | T25 → PWM22722
[2024-08-13 11:39:19,859] CF65 CF67 | T0 → PWM0
[2024-08-13 11:39:47,572] CF65 CF67 | T25 → PWM22722
[2024-08-13 11:40:38,007] CF67 CF65 | T0 → PWM0
[2024-08-13 11:41:05,654] CF65 CF67 | T25 → PWM22722
[2024-08-13 11:41:56,198] CF65 CF67 | T0 → PWM0
[2024-08-13 11:42:24,331] CF65 CF67 | T25 → PWM22722
[2024-08-13 11:42:58,799] CF67 CF65 | T0 → PWM0
[2024-08-13 11:43:26,270] CF67 CF65 | T25 → PWM22722
[2024-08-13 11:44:00,761] CF65 CF67 | T0 → PWM0
[2024-08-13 11:44:28,135] CF65 CF67 | T25 → PWM22722
[2024-08-13 11:45:02,978] CF67 CF65 | T0 → PWM0
[2024-08-13 11:45:31,312] CF65 CF67 | T25 → PWM22722
[2024-08-13 11:45:58,124] CF65 CF67 | T0 → PWM0
[2024-08-13 11:46:25,540] CF67 CF65 | T25 → PWM22722
[2024-08-13 11:46:52,339] CF65 CF67 | T0 → PWM0
[2024-08-13 11:47:19,736] CF65 CF67 | T25 → PWM22722
[2024-08-13 11:47:46,295] CF65 CF67 | T0 → PWM0
[2024-08-13 11:48:14,156] CF67 CF65 | T54.275 → PWM42009
[2024-08-13 11:52:16,764] CF67 CF65 | T0 → PWM0
[2024-08-13 11:52:47,563] CF67 CF65 | T54.275 → PWM42009
[2024-08-13 11:56:50,223] CF67 CF65 | T0 → PWM0
[2024-08-13 11:57:20,771] CF65 CF67 | T54.275 → PWM42009
[2024-08-13 12:01:23,845] CF65 CF67 | T0 → PWM0
[2024-08-13 12:01:54,883] CF65 CF67 | T54.275 → PWM42009
[2024-08-13 12:03:33,403] CF65 CF67 | T0 → PWM0
[2024-08-13 12:04:01,836] CF67 CF65 | T54.275 → PWM42009
[2024-08-13 12:05:40,740] CF67 CF65 | T0 → PWM0
[2024-08-13 12:06:09,111] CF67 CF65 | T54.275 → PWM42009
[2024-08-13 12:07:47,749] CF65 CF67 | T0 → PWM0
[2024-08-13 12:08:16,841] CF65 CF67 | T54.275 → PWM42009
[2024-08-13 12:09:07,798] CF65 CF67 | T0 → PWM0
[2024-08-13 12:09:35,573] CF65 CF67 | T54.275 → PWM42009
[2024-08-13 12:10:26,173] CF67 CF65 | T0 → PWM0
[2024-08-13 12:10:53,803] CF67 CF65 | T54.275 → PWM42009
[2024-08-13 12:11:44,271] CF65 CF67 | T0 → PWM0
[2024-08-13 12:12:12,678] CF65 CF67 | T54.275 → PWM42009
[2024-08-13 12:12:47,226] CF65 CF67 | T0 → PWM0
[2024-08-13 12:13:14,825] CF65 CF67 | T54.275 → PWM42009
[2024-08-13 12:13:49,867] CF67 CF65 | T0 → PWM0
[2024-08-13 12:14:17,698] CF67 CF65 | T54.275 → PWM42009
[2024-08-13 12:14:52,545] CF65 CF67 | T0 → PWM0
[2024-08-13 12:15:20,775] CF65 CF67 | T54.275 → PWM42009
[2024-08-13 12:15:47,549] CF67 CF65 | T0 → PWM0
[2024-08-13 12:16:14,970] CF65 CF67 | T54.275 → PWM42009
[2024-08-13 12:16:41,479] CF67 CF65 | T0 → PWM0
[2024-08-13 12:17:08,782] CF65 CF67 | T54.275 → PWM42009
[2024-08-13 12:17:35,288] CF67 CF65 | T0 → PWM0
[2024-08-13 12:18:03,166] CF67 CF65 | T75 → PWM53379
[2024-08-13 12:22:05,870] CF67 CF65 | T0 → PWM0
[2024-08-13 12:22:36,791] CF65 CF67 | T75 → PWM53379
[2024-08-13 12:26:39,900] CF65 CF67 | T0 → PWM0
[2024-08-13 12:27:10,306] CF67 CF65 | T75 → PWM53379
[2024-08-13 12:31:13,032] CF67 CF65 | T0 → PWM0
[2024-08-13 12:31:44,056] CF67 CF65 | T75 → PWM53379
[2024-08-13 12:33:22,911] CF65 CF67 | T0 → PWM0
[2024-08-13 12:33:51,308] CF67 CF65 | T75 → PWM53379
[2024-08-13 12:35:30,048] CF65 CF67 | T0 → PWM0
[2024-08-13 12:35:58,775] CF67 CF65 | T75 → PWM53379
[2024-08-13 12:37:37,277] CF65 CF67 | T0 → PWM0
[2024-08-13 12:38:06,190] CF67 CF65 | T75 → PWM53379
[2024-08-13 12:38:56,803] CF67 CF65 | T0 → PWM0
[2024-08-13 12:39:24,990] CF67 CF65 | T75 → PWM53379
[2024-08-13 12:40:15,647] CF67 CF65 | T0 → PWM0
[2024-08-13 12:40:43,699] CF65 CF67 | T75 → PWM53379
[2024-08-13 12:41:34,258] CF67 CF65 | T0 → PWM0
[2024-08-13 12:42:02,896] CF67 CF65 | T75 → PWM53379
[2024-08-13 12:42:37,358] CF65 CF67 | T0 → PWM0
[2024-08-13 12:43:04,996] CF67 CF65 | T75 → PWM53379
[2024-08-13 12:43:39,535] CF65 CF67 | T0 → PWM0
[2024-08-13 12:44:06,940] CF65 CF67 | T75 → PWM53379
[2024-08-13 12:44:41,496] CF65 CF67 | T0 → PWM0
[2024-08-13 12:45:09,458] CF65 CF67 | T75 → PWM53379
[2024-08-13 12:45:35,961] CF67 CF65 | T0 → PWM0
[2024-08-13 12:46:03,395] CF65 CF67 | T75 → PWM53379
[2024-08-13 12:46:29,900] CF67 CF65 | T0 → PWM0
[2024-08-13 12:46:57,253] CF67 CF65 | T75 → PWM53379
[2024-08-13 12:47:23,808] CF65 CF67 | T0 → PWM0
[2024-08-13 12:56:05,689] CF65 CF67 | T25 → PWM22722
[2024-08-13 12:56:56,239] CF65 CF67 | T0 → PWM0
[2024-08-13 12:57:21,889] CF67 CF65 | T25 → PWM22722
[2024-08-13 12:58:12,471] CF65 CF67 | T0 → PWM0
[2024-08-13 12:58:38,241] CF65 CF67 | T25 → PWM22722
[2024-08-13 12:59:29,122] CF67 CF65 | T0 → PWM0
[2024-08-13 12:59:55,176] CF65 CF67 | T25 → PWM22722
[2024-08-13 13:00:45,645] CF65 CF67 | T0 → PWM0
[2024-08-13 13:01:11,609] CF65 CF67 | T25 → PWM22722
[2024-08-13 13:02:02,180] CF67 CF65 | T0 → PWM0
[2024-08-13 13:02:27,962] CF67 CF65 | T25 → PWM22722
[2024-08-13 13:03:18,459] CF65 CF67 | T0 → PWM0
[2024-08-13 13:03:45,141] CF67 CF65 | T54.275 → PWM42009
[2024-08-13 13:04:36,013] CF67 CF65 | T0 → PWM0
[2024-08-13 13:05:03,341] CF65 CF67 | T54.275 → PWM42009
[2024-08-13 13:05:54,294] CF67 CF65 | T0 → PWM0
[2024-08-13 13:06:21,395] CF67 CF65 | T54.275 → PWM42009
[2024-08-13 13:07:12,328] CF67 CF65 | T0 → PWM0
[2024-08-13 13:07:39,358] CF65 CF67 | T54.275 → PWM42009
[2024-08-13 13:08:30,229] CF67 CF65 | T0 → PWM0
[2024-08-13 13:08:57,721] CF67 CF65 | T54.275 → PWM42009
[2024-08-13 13:09:48,164] CF65 CF67 | T0 → PWM0
[2024-08-13 13:10:15,533] CF67 CF65 | T54.275 → PWM42009
[2024-08-13 13:11:06,136] CF65 CF67 | T0 → PWM0
[2024-08-13 13:11:34,467] CF67 CF65 | T75 → PWM53379
[2024-08-13 13:12:24,946] CF65 CF67 | T0 → PWM0
[2024-08-13 13:12:53,021] CF65 CF67 | T75 → PWM53379
[2024-08-13 13:13:43,619] CF67 CF65 | T0 → PWM0
[2024-08-13 13:14:11,665] CF65 CF67 | T75 → PWM53379
[2024-08-13 13:15:02,156] CF65 CF67 | T0 → PWM0
[2024-08-13 13:15:30,307] CF67 CF65 | T75 → PWM53379
[2024-08-13 13:16:20,814] CF67 CF65 | T0 → PWM0
[2024-08-13 13:16:49,169] CF65 CF67 | T75 → PWM53379
[2024-08-13 13:17:40,342] CF65 CF67 | T0 → PWM0
[2024-08-13 13:18:08,895] CF65 CF67 | T75 → PWM53379
[2024-08-13 13:18:59,396] CF67 CF65 | T0 → PWM0
[2024-08-13 14:31:07,708] CF67 CF65 | T25 → PWM22722
[2024-08-13 14:31:58,253] CF65 CF67 | T0 → PWM0
[2024-08-13 14:32:24,124] CF65 CF67 | T25 → PWM22722
[2024-08-13 14:33:15,005] CF67 CF65 | T0 → PWM0
[2024-08-13 14:33:40,621] CF65 CF67 | T25 → PWM22722
[2024-08-13 14:34:31,113] CF65 CF67 | T0 → PWM0
[2024-08-13 14:34:56,870] CF65 CF67 | T25 → PWM22722
[2024-08-13 14:35:47,360] CF67 CF65 | T0 → PWM0
[2024-08-13 14:36:13,172] CF65 CF67 | T25 → PWM22722
[2024-08-13 14:37:03,716] CF67 CF65 | T0 → PWM0
[2024-08-13 14:37:29,704] CF67 CF65 | T25 → PWM22722
[2024-08-13 14:38:20,181] CF67 CF65 | T0 → PWM0
[2024-08-13 14:38:46,916] CF65 CF67 | T54.275 → PWM42009
[2024-08-13 14:39:37,441] CF67 CF65 | T0 → PWM0
[2024-08-13 14:40:04,534] CF65 CF67 | T54.275 → PWM42009
[2024-08-13 14:40:55,038] CF65 CF67 | T0 → PWM0
[2024-08-13 14:41:22,163] CF65 CF67 | T54.275 → PWM42009
[2024-08-13 14:42:12,690] CF65 CF67 | T0 → PWM0
[2024-08-13 14:42:39,774] CF65 CF67 | T54.275 → PWM42009
[2024-08-13 14:43:30,264] CF67 CF65 | T0 → PWM0
[2024-08-13 14:44:00,999] CF65 CF67 | T54.275 → PWM42009
[2024-08-13 14:44:52,102] CF65 CF67 | T0 → PWM0
[2024-08-13 14:45:19,436] CF67 CF65 | T54.275 → PWM42009
[2024-08-13 14:46:09,870] CF65 CF67 | T0 → PWM0
[2024-08-13 14:46:38,167] CF65 CF67 | T75 → PWM53379
[2024-08-13 14:47:28,653] CF65 CF67 | T0 → PWM0
[2024-08-13 14:47:57,191] CF65 CF67 | T75 → PWM53379
[2024-08-13 14:48:48,002] CF65 CF67 | T0 → PWM0
[2024-08-13 14:49:16,208] CF67 CF65 | T75 → PWM53379
[2024-08-13 14:50:07,232] CF65 CF67 | T0 → PWM0
[2024-08-13 14:50:35,332] CF67 CF65 | T75 → PWM53379
[2024-08-13 14:51:25,839] CF67 CF65 | T0 → PWM0
[2024-08-13 14:51:54,308] CF65 CF67 | T75 → PWM53379
[2024-08-13 14:52:45,236] CF67 CF65 | T0 → PWM0
[2024-08-13 14:53:13,658] CF65 CF67 | T75 → PWM53379
[2024-08-13 14:54:04,369] CF65 CF67 | T0 → PWM0
